==2070523== Memcheck, a memory error detector
==2070523== Copyright (C) 2002-2017, and GNU GPL'd, by Julian Seward et al.
==2070523== Using Valgrind-3.18.1 and LibVEX; rerun with -h for copyright info
==2070523== Command: out/main
==2070523== Parent PID: 2043301
==2070523== 
==2070523== Warning: set address range perms: large range [0x59c87040, 0x159c87040) (undefined)
==2070523== Warning: set address range perms: large range [0x59c87028, 0x159c87058) (noaccess)
==2070523== Use of uninitialised value of size 8
==2070523==    at 0x169FC9: deflate_slow (deflate.c:1757)
==2070523==    by 0x16AE4A: deflate (deflate.c:905)
==2070523==    by 0x1759F4: gzdeflate(unsigned char const*, unsigned int, unsigned char*, unsigned int*) (common.cpp:100)
==2070523==    by 0x143511: ImagePrivate::imWritePNG(ImageBase<Color::ColorType<unsigned int, 8, 16, 8, 8, 8, 0, 8, 24> > const&, File&, int) (imagepng.cpp:319)
==2070523==    by 0x1B4049: write (image.h:631)
==2070523==    by 0x1B4049: write_images(std::set<istring, std::less<istring>, std::allocator<istring> > const&, CompositeLoader&, bool) (main.cpp:104)
==2070523==    by 0x1B7CEA: BuildData::write_data(bool, bool) (main.cpp:169)
==2070523==    by 0x116996: main (main.cpp:326)
==2070523== 
==2070523== Use of uninitialised value of size 8
==2070523==    at 0x16A05C: deflate_slow (deflate.c:1823)
==2070523==    by 0x16AE4A: deflate (deflate.c:905)
==2070523==    by 0x1759F4: gzdeflate(unsigned char const*, unsigned int, unsigned char*, unsigned int*) (common.cpp:100)
==2070523==    by 0x143511: ImagePrivate::imWritePNG(ImageBase<Color::ColorType<unsigned int, 8, 16, 8, 8, 8, 0, 8, 24> > const&, File&, int) (imagepng.cpp:319)
==2070523==    by 0x1B4049: write (image.h:631)
==2070523==    by 0x1B4049: write_images(std::set<istring, std::less<istring>, std::allocator<istring> > const&, CompositeLoader&, bool) (main.cpp:104)
==2070523==    by 0x1B7CEA: BuildData::write_data(bool, bool) (main.cpp:169)
==2070523==    by 0x116996: main (main.cpp:326)
==2070523== 
==2070523== Conditional jump or move depends on uninitialised value(s)
==2070523==    at 0x1691D5: longest_match (deflate.c:1242)
==2070523==    by 0x16A3BB: deflate_slow (deflate.c:1771)
==2070523==    by 0x16AE4A: deflate (deflate.c:905)
==2070523==    by 0x1759F4: gzdeflate(unsigned char const*, unsigned int, unsigned char*, unsigned int*) (common.cpp:100)
==2070523==    by 0x143511: ImagePrivate::imWritePNG(ImageBase<Color::ColorType<unsigned int, 8, 16, 8, 8, 8, 0, 8, 24> > const&, File&, int) (imagepng.cpp:319)
==2070523==    by 0x1B4049: write (image.h:631)
==2070523==    by 0x1B4049: write_images(std::set<istring, std::less<istring>, std::allocator<istring> > const&, CompositeLoader&, bool) (main.cpp:104)
==2070523==    by 0x1B7CEA: BuildData::write_data(bool, bool) (main.cpp:169)
==2070523==    by 0x116996: main (main.cpp:326)
==2070523== 
==2070523== Conditional jump or move depends on uninitialised value(s)
==2070523==    at 0x1691DC: longest_match (deflate.c:1242)
==2070523==    by 0x16A3BB: deflate_slow (deflate.c:1771)
==2070523==    by 0x16AE4A: deflate (deflate.c:905)
==2070523==    by 0x1759F4: gzdeflate(unsigned char const*, unsigned int, unsigned char*, unsigned int*) (common.cpp:100)
==2070523==    by 0x143511: ImagePrivate::imWritePNG(ImageBase<Color::ColorType<unsigned int, 8, 16, 8, 8, 8, 0, 8, 24> > const&, File&, int) (imagepng.cpp:319)
==2070523==    by 0x1B4049: write (image.h:631)
==2070523==    by 0x1B4049: write_images(std::set<istring, std::less<istring>, std::allocator<istring> > const&, CompositeLoader&, bool) (main.cpp:104)
==2070523==    by 0x1B7CEA: BuildData::write_data(bool, bool) (main.cpp:169)
==2070523==    by 0x116996: main (main.cpp:326)
==2070523== 
==2070523== Conditional jump or move depends on uninitialised value(s)
==2070523==    at 0x1691E6: longest_match (deflate.c:1243)
==2070523==    by 0x16A3BB: deflate_slow (deflate.c:1771)
==2070523==    by 0x16AE4A: deflate (deflate.c:905)
==2070523==    by 0x1759F4: gzdeflate(unsigned char const*, unsigned int, unsigned char*, unsigned int*) (common.cpp:100)
==2070523==    by 0x143511: ImagePrivate::imWritePNG(ImageBase<Color::ColorType<unsigned int, 8, 16, 8, 8, 8, 0, 8, 24> > const&, File&, int) (imagepng.cpp:319)
==2070523==    by 0x1B4049: write (image.h:631)
==2070523==    by 0x1B4049: write_images(std::set<istring, std::less<istring>, std::allocator<istring> > const&, CompositeLoader&, bool) (main.cpp:104)
==2070523==    by 0x1B7CEA: BuildData::write_data(bool, bool) (main.cpp:169)
==2070523==    by 0x116996: main (main.cpp:326)
==2070523== 
==2070523== Conditional jump or move depends on uninitialised value(s)
==2070523==    at 0x1691F2: longest_match (deflate.c:1244)
==2070523==    by 0x16A3BB: deflate_slow (deflate.c:1771)
==2070523==    by 0x16AE4A: deflate (deflate.c:905)
==2070523==    by 0x1759F4: gzdeflate(unsigned char const*, unsigned int, unsigned char*, unsigned int*) (common.cpp:100)
==2070523==    by 0x143511: ImagePrivate::imWritePNG(ImageBase<Color::ColorType<unsigned int, 8, 16, 8, 8, 8, 0, 8, 24> > const&, File&, int) (imagepng.cpp:319)
==2070523==    by 0x1B4049: write (image.h:631)
==2070523==    by 0x1B4049: write_images(std::set<istring, std::less<istring>, std::allocator<istring> > const&, CompositeLoader&, bool) (main.cpp:104)
==2070523==    by 0x1B7CEA: BuildData::write_data(bool, bool) (main.cpp:169)
==2070523==    by 0x116996: main (main.cpp:326)
==2070523== 
==2070523== Use of uninitialised value of size 8
==2070523==    at 0x16A23F: deflate_slow (deflate.c:1808)
==2070523==    by 0x16AE4A: deflate (deflate.c:905)
==2070523==    by 0x1759F4: gzdeflate(unsigned char const*, unsigned int, unsigned char*, unsigned int*) (common.cpp:100)
==2070523==    by 0x143511: ImagePrivate::imWritePNG(ImageBase<Color::ColorType<unsigned int, 8, 16, 8, 8, 8, 0, 8, 24> > const&, File&, int) (imagepng.cpp:319)
==2070523==    by 0x1B4049: write (image.h:631)
==2070523==    by 0x1B4049: write_images(std::set<istring, std::less<istring>, std::allocator<istring> > const&, CompositeLoader&, bool) (main.cpp:104)
==2070523==    by 0x1B7CEA: BuildData::write_data(bool, bool) (main.cpp:169)
==2070523==    by 0x116996: main (main.cpp:326)
==2070523== 
==2070523== Conditional jump or move depends on uninitialised value(s)
==2070523==    at 0x16920F: longest_match (deflate.c:1260)
==2070523==    by 0x16A3BB: deflate_slow (deflate.c:1771)
==2070523==    by 0x16AE4A: deflate (deflate.c:905)
==2070523==    by 0x1759F4: gzdeflate(unsigned char const*, unsigned int, unsigned char*, unsigned int*) (common.cpp:100)
==2070523==    by 0x143511: ImagePrivate::imWritePNG(ImageBase<Color::ColorType<unsigned int, 8, 16, 8, 8, 8, 0, 8, 24> > const&, File&, int) (imagepng.cpp:319)
==2070523==    by 0x1B4049: write (image.h:631)
==2070523==    by 0x1B4049: write_images(std::set<istring, std::less<istring>, std::allocator<istring> > const&, CompositeLoader&, bool) (main.cpp:104)
==2070523==    by 0x1B7CEA: BuildData::write_data(bool, bool) (main.cpp:169)
==2070523==    by 0x116996: main (main.cpp:326)
==2070523== 
==2070523== Conditional jump or move depends on uninitialised value(s)
==2070523==    at 0x169271: longest_match (deflate.c:1263)
==2070523==    by 0x16A3BB: deflate_slow (deflate.c:1771)
==2070523==    by 0x16AE4A: deflate (deflate.c:905)
==2070523==    by 0x1759F4: gzdeflate(unsigned char const*, unsigned int, unsigned char*, unsigned int*) (common.cpp:100)
==2070523==    by 0x143511: ImagePrivate::imWritePNG(ImageBase<Color::ColorType<unsigned int, 8, 16, 8, 8, 8, 0, 8, 24> > const&, File&, int) (imagepng.cpp:319)
==2070523==    by 0x1B4049: write (image.h:631)
==2070523==    by 0x1B4049: write_images(std::set<istring, std::less<istring>, std::allocator<istring> > const&, CompositeLoader&, bool) (main.cpp:104)
==2070523==    by 0x1B7CEA: BuildData::write_data(bool, bool) (main.cpp:169)
==2070523==    by 0x116996: main (main.cpp:326)
==2070523== 
==2070523== Conditional jump or move depends on uninitialised value(s)
==2070523==    at 0x16921C: longest_match (deflate.c:1260)
==2070523==    by 0x16A3BB: deflate_slow (deflate.c:1771)
==2070523==    by 0x16AE4A: deflate (deflate.c:905)
==2070523==    by 0x1759F4: gzdeflate(unsigned char const*, unsigned int, unsigned char*, unsigned int*) (common.cpp:100)
==2070523==    by 0x143511: ImagePrivate::imWritePNG(ImageBase<Color::ColorType<unsigned int, 8, 16, 8, 8, 8, 0, 8, 24> > const&, File&, int) (imagepng.cpp:319)
==2070523==    by 0x1B4049: write (image.h:631)
==2070523==    by 0x1B4049: write_images(std::set<istring, std::less<istring>, std::allocator<istring> > const&, CompositeLoader&, bool) (main.cpp:104)
==2070523==    by 0x1B7CEA: BuildData::write_data(bool, bool) (main.cpp:169)
==2070523==    by 0x116996: main (main.cpp:326)
==2070523== 
==2070523== Conditional jump or move depends on uninitialised value(s)
==2070523==    at 0x169229: longest_match (deflate.c:1261)
==2070523==    by 0x16A3BB: deflate_slow (deflate.c:1771)
==2070523==    by 0x16AE4A: deflate (deflate.c:905)
==2070523==    by 0x1759F4: gzdeflate(unsigned char const*, unsigned int, unsigned char*, unsigned int*) (common.cpp:100)
==2070523==    by 0x143511: ImagePrivate::imWritePNG(ImageBase<Color::ColorType<unsigned int, 8, 16, 8, 8, 8, 0, 8, 24> > const&, File&, int) (imagepng.cpp:319)
==2070523==    by 0x1B4049: write (image.h:631)
==2070523==    by 0x1B4049: write_images(std::set<istring, std::less<istring>, std::allocator<istring> > const&, CompositeLoader&, bool) (main.cpp:104)
==2070523==    by 0x1B7CEA: BuildData::write_data(bool, bool) (main.cpp:169)
==2070523==    by 0x116996: main (main.cpp:326)
==2070523== 
==2070523== Conditional jump or move depends on uninitialised value(s)
==2070523==    at 0x169243: longest_match (deflate.c:1262)
==2070523==    by 0x16A3BB: deflate_slow (deflate.c:1771)
==2070523==    by 0x16AE4A: deflate (deflate.c:905)
==2070523==    by 0x1759F4: gzdeflate(unsigned char const*, unsigned int, unsigned char*, unsigned int*) (common.cpp:100)
==2070523==    by 0x143511: ImagePrivate::imWritePNG(ImageBase<Color::ColorType<unsigned int, 8, 16, 8, 8, 8, 0, 8, 24> > const&, File&, int) (imagepng.cpp:319)
==2070523==    by 0x1B4049: write (image.h:631)
==2070523==    by 0x1B4049: write_images(std::set<istring, std::less<istring>, std::allocator<istring> > const&, CompositeLoader&, bool) (main.cpp:104)
==2070523==    by 0x1B7CEA: BuildData::write_data(bool, bool) (main.cpp:169)
==2070523==    by 0x116996: main (main.cpp:326)
==2070523== 
==2070523== Use of uninitialised value of size 8
==2070523==    at 0x1733CC: compress_block (trees.c:1075)
==2070523==    by 0x174CD9: _tr_flush_block (trees.c:984)
==2070523==    by 0x16A2A1: deflate_slow (deflate.c:1815)
==2070523==    by 0x16AE4A: deflate (deflate.c:905)
==2070523==    by 0x1759F4: gzdeflate(unsigned char const*, unsigned int, unsigned char*, unsigned int*) (common.cpp:100)
==2070523==    by 0x143511: ImagePrivate::imWritePNG(ImageBase<Color::ColorType<unsigned int, 8, 16, 8, 8, 8, 0, 8, 24> > const&, File&, int) (imagepng.cpp:319)
==2070523==    by 0x1B4049: write (image.h:631)
==2070523==    by 0x1B4049: write_images(std::set<istring, std::less<istring>, std::allocator<istring> > const&, CompositeLoader&, bool) (main.cpp:104)
==2070523==    by 0x1B7CEA: BuildData::write_data(bool, bool) (main.cpp:169)
==2070523==    by 0x116996: main (main.cpp:326)
==2070523== 
==2070523== Use of uninitialised value of size 8
==2070523==    at 0x141C17: update_crc (imagepng.cpp:49)
==2070523==    by 0x141C17: ImagePrivate::_png::write_chunk(unsigned int, unsigned int, void const*, File&) (imagepng.cpp:77)
==2070523==    by 0x144064: ImagePrivate::imWritePNG(ImageBase<Color::ColorType<unsigned int, 8, 16, 8, 8, 8, 0, 8, 24> > const&, File&, int) (imagepng.cpp:323)
==2070523==    by 0x1B4049: write (image.h:631)
==2070523==    by 0x1B4049: write_images(std::set<istring, std::less<istring>, std::allocator<istring> > const&, CompositeLoader&, bool) (main.cpp:104)
==2070523==    by 0x1B7CEA: BuildData::write_data(bool, bool) (main.cpp:169)
==2070523==    by 0x116996: main (main.cpp:326)
==2070523== 
==2070523== Conditional jump or move depends on uninitialised value(s)
==2070523==    at 0x169236: longest_match (deflate.c:1261)
==2070523==    by 0x16A3BB: deflate_slow (deflate.c:1771)
==2070523==    by 0x16AE4A: deflate (deflate.c:905)
==2070523==    by 0x1759F4: gzdeflate(unsigned char const*, unsigned int, unsigned char*, unsigned int*) (common.cpp:100)
==2070523==    by 0x143511: ImagePrivate::imWritePNG(ImageBase<Color::ColorType<unsigned int, 8, 16, 8, 8, 8, 0, 8, 24> > const&, File&, int) (imagepng.cpp:319)
==2070523==    by 0x1B4049: write (image.h:631)
==2070523==    by 0x1B4049: write_images(std::set<istring, std::less<istring>, std::allocator<istring> > const&, CompositeLoader&, bool) (main.cpp:104)
==2070523==    by 0x1B7CEA: BuildData::write_data(bool, bool) (main.cpp:169)
==2070523==    by 0x116996: main (main.cpp:326)
==2070523== 
==2070523== Conditional jump or move depends on uninitialised value(s)
==2070523==    at 0x169250: longest_match (deflate.c:1262)
==2070523==    by 0x16A3BB: deflate_slow (deflate.c:1771)
==2070523==    by 0x16AE4A: deflate (deflate.c:905)
==2070523==    by 0x1759F4: gzdeflate(unsigned char const*, unsigned int, unsigned char*, unsigned int*) (common.cpp:100)
==2070523==    by 0x143511: ImagePrivate::imWritePNG(ImageBase<Color::ColorType<unsigned int, 8, 16, 8, 8, 8, 0, 8, 24> > const&, File&, int) (imagepng.cpp:319)
==2070523==    by 0x1B4049: write (image.h:631)
==2070523==    by 0x1B4049: write_images(std::set<istring, std::less<istring>, std::allocator<istring> > const&, CompositeLoader&, bool) (main.cpp:104)
==2070523==    by 0x1B7CEA: BuildData::write_data(bool, bool) (main.cpp:169)
==2070523==    by 0x116996: main (main.cpp:326)
==2070523== 
==2070523== Use of uninitialised value of size 8
==2070523==    at 0x1733CC: compress_block (trees.c:1075)
==2070523==    by 0x174CD9: _tr_flush_block (trees.c:984)
==2070523==    by 0x16A33E: deflate_slow (deflate.c:1825)
==2070523==    by 0x16AE4A: deflate (deflate.c:905)
==2070523==    by 0x1759F4: gzdeflate(unsigned char const*, unsigned int, unsigned char*, unsigned int*) (common.cpp:100)
==2070523==    by 0x143511: ImagePrivate::imWritePNG(ImageBase<Color::ColorType<unsigned int, 8, 16, 8, 8, 8, 0, 8, 24> > const&, File&, int) (imagepng.cpp:319)
==2070523==    by 0x1B4049: write (image.h:631)
==2070523==    by 0x1B4049: write_images(std::set<istring, std::less<istring>, std::allocator<istring> > const&, CompositeLoader&, bool) (main.cpp:104)
==2070523==    by 0x1B7CEA: BuildData::write_data(bool, bool) (main.cpp:169)
==2070523==    by 0x116996: main (main.cpp:326)
==2070523== 
==2070523== Conditional jump or move depends on uninitialised value(s)
==2070523==    at 0x169268: longest_match (deflate.c:1263)
==2070523==    by 0x16A3BB: deflate_slow (deflate.c:1771)
==2070523==    by 0x16AE4A: deflate (deflate.c:905)
==2070523==    by 0x1759F4: gzdeflate(unsigned char const*, unsigned int, unsigned char*, unsigned int*) (common.cpp:100)
==2070523==    by 0x143511: ImagePrivate::imWritePNG(ImageBase<Color::ColorType<unsigned int, 8, 16, 8, 8, 8, 0, 8, 24> > const&, File&, int) (imagepng.cpp:319)
==2070523==    by 0x1B4049: write (image.h:631)
==2070523==    by 0x1B4049: write_images(std::set<istring, std::less<istring>, std::allocator<istring> > const&, CompositeLoader&, bool) (main.cpp:104)
==2070523==    by 0x1B7CEA: BuildData::write_data(bool, bool) (main.cpp:169)
==2070523==    by 0x116996: main (main.cpp:326)
==2070523== 
==2070523== Use of uninitialised value of size 8
==2070523==    at 0x1733CC: compress_block (trees.c:1075)
==2070523==    by 0x174CD9: _tr_flush_block (trees.c:984)
==2070523==    by 0x16A5A9: deflate_slow (deflate.c:1847)
==2070523==    by 0x16AE4A: deflate (deflate.c:905)
==2070523==    by 0x1759F4: gzdeflate(unsigned char const*, unsigned int, unsigned char*, unsigned int*) (common.cpp:100)
==2070523==    by 0x143511: ImagePrivate::imWritePNG(ImageBase<Color::ColorType<unsigned int, 8, 16, 8, 8, 8, 0, 8, 24> > const&, File&, int) (imagepng.cpp:319)
==2070523==    by 0x1B4049: write (image.h:631)
==2070523==    by 0x1B4049: write_images(std::set<istring, std::less<istring>, std::allocator<istring> > const&, CompositeLoader&, bool) (main.cpp:104)
==2070523==    by 0x1B7CEA: BuildData::write_data(bool, bool) (main.cpp:169)
==2070523==    by 0x116996: main (main.cpp:326)
==2070523== 
==2070523== Conditional jump or move depends on uninitialised value(s)
==2070523==    at 0x169263: longest_match (deflate.c:1263)
==2070523==    by 0x16A3BB: deflate_slow (deflate.c:1771)
==2070523==    by 0x16AE4A: deflate (deflate.c:905)
==2070523==    by 0x1759F4: gzdeflate(unsigned char const*, unsigned int, unsigned char*, unsigned int*) (common.cpp:100)
==2070523==    by 0x143511: ImagePrivate::imWritePNG(ImageBase<Color::ColorType<unsigned int, 8, 16, 8, 8, 8, 0, 8, 24> > const&, File&, int) (imagepng.cpp:319)
==2070523==    by 0x1B4049: write (image.h:631)
==2070523==    by 0x1B4049: write_images(std::set<istring, std::less<istring>, std::allocator<istring> > const&, CompositeLoader&, bool) (main.cpp:104)
==2070523==    by 0x1B7CEA: BuildData::write_data(bool, bool) (main.cpp:169)
==2070523==    by 0x116996: main (main.cpp:326)
==2070523== 
==2070523== Use of uninitialised value of size 8
==2070523==    at 0x1733CC: compress_block (trees.c:1075)
==2070523==    by 0x174E21: _tr_flush_block (trees.c:975)
==2070523==    by 0x16A5A9: deflate_slow (deflate.c:1847)
==2070523==    by 0x16AE4A: deflate (deflate.c:905)
==2070523==    by 0x1759F4: gzdeflate(unsigned char const*, unsigned int, unsigned char*, unsigned int*) (common.cpp:100)
==2070523==    by 0x143511: ImagePrivate::imWritePNG(ImageBase<Color::ColorType<unsigned int, 8, 16, 8, 8, 8, 0, 8, 24> > const&, File&, int) (imagepng.cpp:319)
==2070523==    by 0x1B4049: write (image.h:631)
==2070523==    by 0x1B4049: write_images(std::set<istring, std::less<istring>, std::allocator<istring> > const&, CompositeLoader&, bool) (main.cpp:104)
==2070523==    by 0x1B7CEA: BuildData::write_data(bool, bool) (main.cpp:169)
==2070523==    by 0x116996: main (main.cpp:326)
==2070523== 
==2070523== Conditional jump or move depends on uninitialised value(s)
==2070523==    at 0x1AF433: operator= (image.h:34)
==2070523==    by 0x1AF433: ColorType (image.h:94)
==2070523==    by 0x1AF433: mix<Color::ColorType<unsigned int, 8, 16, 8, 8, 8, 0, 8, 24> > (image.h:159)
==2070523==    by 0x1AF433: blend<Color::ColorType<unsigned int, 8, 16, 8, 8, 8, 0, 8, 24> > (image.h:172)
==2070523==    by 0x1AF433: blt (image.h:505)
==2070523==    by 0x1AF433: blt (image.h:511)
==2070523==    by 0x1AF433: ImageStorage::add(unsigned long, ImageBase<Color::ColorType<unsigned int, 8, 16, 8, 8, 8, 0, 8, 24> >) (icons.cpp:17)
==2070523==    by 0x1B4140: write_images(std::set<istring, std::less<istring>, std::allocator<istring> > const&, CompositeLoader&, bool) (main.cpp:100)
==2070523==    by 0x1B7CEA: BuildData::write_data(bool, bool) (main.cpp:169)
==2070523==    by 0x116996: main (main.cpp:326)
==2070523== 
==2070523== Conditional jump or move depends on uninitialised value(s)
==2070523==    at 0x1AF443: operator= (image.h:34)
==2070523==    by 0x1AF443: ColorType (image.h:95)
==2070523==    by 0x1AF443: mix<Color::ColorType<unsigned int, 8, 16, 8, 8, 8, 0, 8, 24> > (image.h:159)
==2070523==    by 0x1AF443: blend<Color::ColorType<unsigned int, 8, 16, 8, 8, 8, 0, 8, 24> > (image.h:172)
==2070523==    by 0x1AF443: blt (image.h:505)
==2070523==    by 0x1AF443: blt (image.h:511)
==2070523==    by 0x1AF443: ImageStorage::add(unsigned long, ImageBase<Color::ColorType<unsigned int, 8, 16, 8, 8, 8, 0, 8, 24> >) (icons.cpp:17)
==2070523==    by 0x1B4140: write_images(std::set<istring, std::less<istring>, std::allocator<istring> > const&, CompositeLoader&, bool) (main.cpp:100)
==2070523==    by 0x1B7CEA: BuildData::write_data(bool, bool) (main.cpp:169)
==2070523==    by 0x116996: main (main.cpp:326)
==2070523== 
==2070523== Conditional jump or move depends on uninitialised value(s)
==2070523==    at 0x1AF455: operator= (image.h:34)
==2070523==    by 0x1AF455: ColorType (image.h:96)
==2070523==    by 0x1AF455: mix<Color::ColorType<unsigned int, 8, 16, 8, 8, 8, 0, 8, 24> > (image.h:159)
==2070523==    by 0x1AF455: blend<Color::ColorType<unsigned int, 8, 16, 8, 8, 8, 0, 8, 24> > (image.h:172)
==2070523==    by 0x1AF455: blt (image.h:505)
==2070523==    by 0x1AF455: blt (image.h:511)
==2070523==    by 0x1AF455: ImageStorage::add(unsigned long, ImageBase<Color::ColorType<unsigned int, 8, 16, 8, 8, 8, 0, 8, 24> >) (icons.cpp:17)
==2070523==    by 0x1B4140: write_images(std::set<istring, std::less<istring>, std::allocator<istring> > const&, CompositeLoader&, bool) (main.cpp:100)
==2070523==    by 0x1B7CEA: BuildData::write_data(bool, bool) (main.cpp:169)
==2070523==    by 0x116996: main (main.cpp:326)
==2070523== 
==2070523== Conditional jump or move depends on uninitialised value(s)
==2070523==    at 0x1AF462: operator= (image.h:34)
==2070523==    by 0x1AF462: ColorType (image.h:97)
==2070523==    by 0x1AF462: mix<Color::ColorType<unsigned int, 8, 16, 8, 8, 8, 0, 8, 24> > (image.h:159)
==2070523==    by 0x1AF462: blend<Color::ColorType<unsigned int, 8, 16, 8, 8, 8, 0, 8, 24> > (image.h:172)
==2070523==    by 0x1AF462: blt (image.h:505)
==2070523==    by 0x1AF462: blt (image.h:511)
==2070523==    by 0x1AF462: ImageStorage::add(unsigned long, ImageBase<Color::ColorType<unsigned int, 8, 16, 8, 8, 8, 0, 8, 24> >) (icons.cpp:17)
==2070523==    by 0x1B4140: write_images(std::set<istring, std::less<istring>, std::allocator<istring> > const&, CompositeLoader&, bool) (main.cpp:100)
==2070523==    by 0x1B7CEA: BuildData::write_data(bool, bool) (main.cpp:169)
==2070523==    by 0x116996: main (main.cpp:326)
==2070523== 
==2070523== Use of uninitialised value of size 8
==2070523==    at 0x141C17: update_crc (imagepng.cpp:49)
==2070523==    by 0x141C17: ImagePrivate::_png::write_chunk(unsigned int, unsigned int, void const*, File&) (imagepng.cpp:77)
==2070523==    by 0x144064: ImagePrivate::imWritePNG(ImageBase<Color::ColorType<unsigned int, 8, 16, 8, 8, 8, 0, 8, 24> > const&, File&, int) (imagepng.cpp:323)
==2070523==    by 0x1AEF30: write (image.h:641)
==2070523==    by 0x1AEF30: ImageStorage::flush() (icons.cpp:30)
==2070523==    by 0x1AF816: ImageStorage::add(unsigned long, ImageBase<Color::ColorType<unsigned int, 8, 16, 8, 8, 8, 0, 8, 24> >) (icons.cpp:24)
==2070523==    by 0x1B4140: write_images(std::set<istring, std::less<istring>, std::allocator<istring> > const&, CompositeLoader&, bool) (main.cpp:100)
==2070523==    by 0x1B7CEA: BuildData::write_data(bool, bool) (main.cpp:169)
==2070523==    by 0x116996: main (main.cpp:326)
==2070523== 
==2070523== Syscall param write(buf) points to uninitialised byte(s)
==2070523==    at 0x4DC18BF: __libc_write (write.c:26)
==2070523==    by 0x4DC18BF: write (write.c:24)
==2070523==    by 0x4D37EEC: _IO_file_write@@GLIBC_2.2.5 (fileops.c:1180)
==2070523==    by 0x4D399E0: new_do_write (fileops.c:448)
==2070523==    by 0x4D399E0: _IO_new_do_write (fileops.c:425)
==2070523==    by 0x4D399E0: _IO_do_write@@GLIBC_2.2.5 (fileops.c:422)
==2070523==    by 0x4D38FD7: _IO_file_close_it@@GLIBC_2.2.5 (fileops.c:135)
==2070523==    by 0x4D2BD8E: fclose@@GLIBC_2.2.5 (iofclose.c:53)
==2070523==    by 0x11DC5E: ~StdFileBuffer (file.cpp:15)
==2070523==    by 0x11DC5E: destroy<StdFileBuffer> (new_allocator.h:168)
==2070523==    by 0x11DC5E: destroy<StdFileBuffer> (alloc_traits.h:535)
==2070523==    by 0x11DC5E: std::_Sp_counted_ptr_inplace<StdFileBuffer, std::allocator<StdFileBuffer>, (__gnu_cxx::_Lock_policy)2>::_M_dispose() (shared_ptr_base.h:528)
==2070523==    by 0x1AEF5F: _M_release (shared_ptr_base.h:168)
==2070523==    by 0x1AEF5F: _M_release (shared_ptr_base.h:161)
==2070523==    by 0x1AEF5F: ~__shared_count (shared_ptr_base.h:705)
==2070523==    by 0x1AEF5F: ~__shared_ptr (shared_ptr_base.h:1154)
==2070523==    by 0x1AEF5F: ~shared_ptr (shared_ptr.h:122)
==2070523==    by 0x1AEF5F: ~File (file.h:36)
==2070523==    by 0x1AEF5F: write (image.h:641)
==2070523==    by 0x1AEF5F: ImageStorage::flush() (icons.cpp:30)
==2070523==    by 0x1AF816: ImageStorage::add(unsigned long, ImageBase<Color::ColorType<unsigned int, 8, 16, 8, 8, 8, 0, 8, 24> >) (icons.cpp:24)
==2070523==    by 0x1B4140: write_images(std::set<istring, std::less<istring>, std::allocator<istring> > const&, CompositeLoader&, bool) (main.cpp:100)
==2070523==    by 0x1B7CEA: BuildData::write_data(bool, bool) (main.cpp:169)
==2070523==    by 0x116996: main (main.cpp:326)
==2070523==  Address 0x1d66dbb8 is 3,384 bytes inside a block of size 4,096 alloc'd
==2070523==    at 0x4848899: malloc (in /usr/libexec/valgrind/vgpreload_memcheck-amd64-linux.so)
==2070523==    by 0x4D2BBA3: _IO_file_doallocate (filedoalloc.c:101)
==2070523==    by 0x4D3ACDF: _IO_doallocbuf (genops.c:347)
==2070523==    by 0x4D39F5F: _IO_file_overflow@@GLIBC_2.2.5 (fileops.c:744)
==2070523==    by 0x4D386D4: _IO_new_file_xsputn (fileops.c:1243)
==2070523==    by 0x4D386D4: _IO_file_xsputn@@GLIBC_2.2.5 (fileops.c:1196)
==2070523==    by 0x4D2CFD6: fwrite (iofwrite.c:39)
==2070523==    by 0x142A75: write (file.h:133)
==2070523==    by 0x142A75: ImagePrivate::imWritePNG(ImageBase<Color::ColorType<unsigned int, 8, 16, 8, 8, 8, 0, 8, 24> > const&, File&, int) (imagepng.cpp:279)
==2070523==    by 0x1AEF30: write (image.h:641)
==2070523==    by 0x1AEF30: ImageStorage::flush() (icons.cpp:30)
==2070523==    by 0x1AF816: ImageStorage::add(unsigned long, ImageBase<Color::ColorType<unsigned int, 8, 16, 8, 8, 8, 0, 8, 24> >) (icons.cpp:24)
==2070523==    by 0x1B4140: write_images(std::set<istring, std::less<istring>, std::allocator<istring> > const&, CompositeLoader&, bool) (main.cpp:100)
==2070523==    by 0x1B7CEA: BuildData::write_data(bool, bool) (main.cpp:169)
==2070523==    by 0x116996: main (main.cpp:326)
==2070523== 
==2070523== Invalid write of size 4
==2070523==    at 0x13D310: operator= (image.h:124)
==2070523==    by 0x13D310: _dds::LoadDXT5::decode(int, int, unsigned char const*) (imagedds.cpp:289)
==2070523==    by 0x13DC30: ImageBase<Color::ColorType<unsigned int, 8, 16, 8, 8, 8, 0, 8, 24> > _dds::LoadProxy<_dds::LoadDXT5>(File, _dds::DDS_HEADER const&) (imagedds.cpp:495)
==2070523==    by 0x13C56D: ImagePrivate::imReadDDS(ImageBase<Color::ColorType<unsigned int, 8, 16, 8, 8, 8, 0, 8, 24> >&, File&) (imagedds.cpp:537)
==2070523==    by 0x13802F: ImagePrivate::imRead(File, ImageFormat::Type) (image.cpp:92)
==2070523==    by 0x1B36C9: ImageBase (image.h:620)
==2070523==    by 0x1B36C9: write_images(std::set<istring, std::less<istring>, std::allocator<istring> > const&, CompositeLoader&, bool) (main.cpp:96)
==2070523==    by 0x1B7CEA: BuildData::write_data(bool, bool) (main.cpp:169)
==2070523==    by 0x116996: main (main.cpp:326)
==2070523==  Address 0x787e424 is 0 bytes after a block of size 676 alloc'd
==2070523==    at 0x484A2F3: operator new[](unsigned long) (in /usr/libexec/valgrind/vgpreload_memcheck-amd64-linux.so)
==2070523==    by 0x13CFB8: Data (image.h:519)
==2070523==    by 0x13CFB8: ImageBase (image.h:410)
==2070523==    by 0x13CFB8: _dds::LoadDXT5::decode(int, int, unsigned char const*) (imagedds.cpp:253)
==2070523==    by 0x13DC30: ImageBase<Color::ColorType<unsigned int, 8, 16, 8, 8, 8, 0, 8, 24> > _dds::LoadProxy<_dds::LoadDXT5>(File, _dds::DDS_HEADER const&) (imagedds.cpp:495)
==2070523==    by 0x13C56D: ImagePrivate::imReadDDS(ImageBase<Color::ColorType<unsigned int, 8, 16, 8, 8, 8, 0, 8, 24> >&, File&) (imagedds.cpp:537)
==2070523==    by 0x13802F: ImagePrivate::imRead(File, ImageFormat::Type) (image.cpp:92)
==2070523==    by 0x1B36C9: ImageBase (image.h:620)
==2070523==    by 0x1B36C9: write_images(std::set<istring, std::less<istring>, std::allocator<istring> > const&, CompositeLoader&, bool) (main.cpp:96)
==2070523==    by 0x1B7CEA: BuildData::write_data(bool, bool) (main.cpp:169)
==2070523==    by 0x116996: main (main.cpp:326)
==2070523== 
==2070523== Invalid write of size 8
==2070523==    at 0x13D352: operator= (image.h:38)
==2070523==    by 0x13D352: _dds::LoadDXT5::decode(int, int, unsigned char const*) (imagedds.cpp:294)
==2070523==    by 0x13DC30: ImageBase<Color::ColorType<unsigned int, 8, 16, 8, 8, 8, 0, 8, 24> > _dds::LoadProxy<_dds::LoadDXT5>(File, _dds::DDS_HEADER const&) (imagedds.cpp:495)
==2070523==    by 0x13C56D: ImagePrivate::imReadDDS(ImageBase<Color::ColorType<unsigned int, 8, 16, 8, 8, 8, 0, 8, 24> >&, File&) (imagedds.cpp:537)
==2070523==    by 0x13802F: ImagePrivate::imRead(File, ImageFormat::Type) (image.cpp:92)
==2070523==    by 0x1B36C9: ImageBase (image.h:620)
==2070523==    by 0x1B36C9: write_images(std::set<istring, std::less<istring>, std::allocator<istring> > const&, CompositeLoader&, bool) (main.cpp:96)
==2070523==    by 0x1B7CEA: BuildData::write_data(bool, bool) (main.cpp:169)
==2070523==    by 0x116996: main (main.cpp:326)
==2070523==  Address 0x787e424 is 0 bytes after a block of size 676 alloc'd
==2070523==    at 0x484A2F3: operator new[](unsigned long) (in /usr/libexec/valgrind/vgpreload_memcheck-amd64-linux.so)
==2070523==    by 0x13CFB8: Data (image.h:519)
==2070523==    by 0x13CFB8: ImageBase (image.h:410)
==2070523==    by 0x13CFB8: _dds::LoadDXT5::decode(int, int, unsigned char const*) (imagedds.cpp:253)
==2070523==    by 0x13DC30: ImageBase<Color::ColorType<unsigned int, 8, 16, 8, 8, 8, 0, 8, 24> > _dds::LoadProxy<_dds::LoadDXT5>(File, _dds::DDS_HEADER const&) (imagedds.cpp:495)
==2070523==    by 0x13C56D: ImagePrivate::imReadDDS(ImageBase<Color::ColorType<unsigned int, 8, 16, 8, 8, 8, 0, 8, 24> >&, File&) (imagedds.cpp:537)
==2070523==    by 0x13802F: ImagePrivate::imRead(File, ImageFormat::Type) (image.cpp:92)
==2070523==    by 0x1B36C9: ImageBase (image.h:620)
==2070523==    by 0x1B36C9: write_images(std::set<istring, std::less<istring>, std::allocator<istring> > const&, CompositeLoader&, bool) (main.cpp:96)
==2070523==    by 0x1B7CEA: BuildData::write_data(bool, bool) (main.cpp:169)
==2070523==    by 0x116996: main (main.cpp:326)
==2070523== 
==2070523== Invalid write of size 8
==2070523==    at 0x13D397: operator= (image.h:38)
==2070523==    by 0x13D397: _dds::LoadDXT5::decode(int, int, unsigned char const*) (imagedds.cpp:294)
==2070523==    by 0x13DC30: ImageBase<Color::ColorType<unsigned int, 8, 16, 8, 8, 8, 0, 8, 24> > _dds::LoadProxy<_dds::LoadDXT5>(File, _dds::DDS_HEADER const&) (imagedds.cpp:495)
==2070523==    by 0x13C56D: ImagePrivate::imReadDDS(ImageBase<Color::ColorType<unsigned int, 8, 16, 8, 8, 8, 0, 8, 24> >&, File&) (imagedds.cpp:537)
==2070523==    by 0x13802F: ImagePrivate::imRead(File, ImageFormat::Type) (image.cpp:92)
==2070523==    by 0x1B36C9: ImageBase (image.h:620)
==2070523==    by 0x1B36C9: write_images(std::set<istring, std::less<istring>, std::allocator<istring> > const&, CompositeLoader&, bool) (main.cpp:96)
==2070523==    by 0x1B7CEA: BuildData::write_data(bool, bool) (main.cpp:169)
==2070523==    by 0x116996: main (main.cpp:326)
==2070523==  Address 0x787e428 is 4 bytes after a block of size 676 alloc'd
==2070523==    at 0x484A2F3: operator new[](unsigned long) (in /usr/libexec/valgrind/vgpreload_memcheck-amd64-linux.so)
==2070523==    by 0x13CFB8: Data (image.h:519)
==2070523==    by 0x13CFB8: ImageBase (image.h:410)
==2070523==    by 0x13CFB8: _dds::LoadDXT5::decode(int, int, unsigned char const*) (imagedds.cpp:253)
==2070523==    by 0x13DC30: ImageBase<Color::ColorType<unsigned int, 8, 16, 8, 8, 8, 0, 8, 24> > _dds::LoadProxy<_dds::LoadDXT5>(File, _dds::DDS_HEADER const&) (imagedds.cpp:495)
==2070523==    by 0x13C56D: ImagePrivate::imReadDDS(ImageBase<Color::ColorType<unsigned int, 8, 16, 8, 8, 8, 0, 8, 24> >&, File&) (imagedds.cpp:537)
==2070523==    by 0x13802F: ImagePrivate::imRead(File, ImageFormat::Type) (image.cpp:92)
==2070523==    by 0x1B36C9: ImageBase (image.h:620)
==2070523==    by 0x1B36C9: write_images(std::set<istring, std::less<istring>, std::allocator<istring> > const&, CompositeLoader&, bool) (main.cpp:96)
==2070523==    by 0x1B7CEA: BuildData::write_data(bool, bool) (main.cpp:169)
==2070523==    by 0x116996: main (main.cpp:326)
==2070523== 
==2070523== Invalid write of size 8
==2070523==    at 0x13D3DB: operator= (image.h:38)
==2070523==    by 0x13D3DB: _dds::LoadDXT5::decode(int, int, unsigned char const*) (imagedds.cpp:294)
==2070523==    by 0x13DC30: ImageBase<Color::ColorType<unsigned int, 8, 16, 8, 8, 8, 0, 8, 24> > _dds::LoadProxy<_dds::LoadDXT5>(File, _dds::DDS_HEADER const&) (imagedds.cpp:495)
==2070523==    by 0x13C56D: ImagePrivate::imReadDDS(ImageBase<Color::ColorType<unsigned int, 8, 16, 8, 8, 8, 0, 8, 24> >&, File&) (imagedds.cpp:537)
==2070523==    by 0x13802F: ImagePrivate::imRead(File, ImageFormat::Type) (image.cpp:92)
==2070523==    by 0x1B36C9: ImageBase (image.h:620)
==2070523==    by 0x1B36C9: write_images(std::set<istring, std::less<istring>, std::allocator<istring> > const&, CompositeLoader&, bool) (main.cpp:96)
==2070523==    by 0x1B7CEA: BuildData::write_data(bool, bool) (main.cpp:169)
==2070523==    by 0x116996: main (main.cpp:326)
==2070523==  Address 0x787e42c is 8 bytes after a block of size 676 alloc'd
==2070523==    at 0x484A2F3: operator new[](unsigned long) (in /usr/libexec/valgrind/vgpreload_memcheck-amd64-linux.so)
==2070523==    by 0x13CFB8: Data (image.h:519)
==2070523==    by 0x13CFB8: ImageBase (image.h:410)
==2070523==    by 0x13CFB8: _dds::LoadDXT5::decode(int, int, unsigned char const*) (imagedds.cpp:253)
==2070523==    by 0x13DC30: ImageBase<Color::ColorType<unsigned int, 8, 16, 8, 8, 8, 0, 8, 24> > _dds::LoadProxy<_dds::LoadDXT5>(File, _dds::DDS_HEADER const&) (imagedds.cpp:495)
==2070523==    by 0x13C56D: ImagePrivate::imReadDDS(ImageBase<Color::ColorType<unsigned int, 8, 16, 8, 8, 8, 0, 8, 24> >&, File&) (imagedds.cpp:537)
==2070523==    by 0x13802F: ImagePrivate::imRead(File, ImageFormat::Type) (image.cpp:92)
==2070523==    by 0x1B36C9: ImageBase (image.h:620)
==2070523==    by 0x1B36C9: write_images(std::set<istring, std::less<istring>, std::allocator<istring> > const&, CompositeLoader&, bool) (main.cpp:96)
==2070523==    by 0x1B7CEA: BuildData::write_data(bool, bool) (main.cpp:169)
==2070523==    by 0x116996: main (main.cpp:326)
==2070523== 
==2070523== Invalid write of size 4
==2070523==    at 0x13D3FA: operator= (image.h:38)
==2070523==    by 0x13D3FA: _dds::LoadDXT5::decode(int, int, unsigned char const*) (imagedds.cpp:294)
==2070523==    by 0x13DC30: ImageBase<Color::ColorType<unsigned int, 8, 16, 8, 8, 8, 0, 8, 24> > _dds::LoadProxy<_dds::LoadDXT5>(File, _dds::DDS_HEADER const&) (imagedds.cpp:495)
==2070523==    by 0x13C56D: ImagePrivate::imReadDDS(ImageBase<Color::ColorType<unsigned int, 8, 16, 8, 8, 8, 0, 8, 24> >&, File&) (imagedds.cpp:537)
==2070523==    by 0x13802F: ImagePrivate::imRead(File, ImageFormat::Type) (image.cpp:92)
==2070523==    by 0x1B36C9: ImageBase (image.h:620)
==2070523==    by 0x1B36C9: write_images(std::set<istring, std::less<istring>, std::allocator<istring> > const&, CompositeLoader&, bool) (main.cpp:96)
==2070523==    by 0x1B7CEA: BuildData::write_data(bool, bool) (main.cpp:169)
==2070523==    by 0x116996: main (main.cpp:326)
==2070523==  Address 0x787e430 is 12 bytes after a block of size 676 alloc'd
==2070523==    at 0x484A2F3: operator new[](unsigned long) (in /usr/libexec/valgrind/vgpreload_memcheck-amd64-linux.so)
==2070523==    by 0x13CFB8: Data (image.h:519)
==2070523==    by 0x13CFB8: ImageBase (image.h:410)
==2070523==    by 0x13CFB8: _dds::LoadDXT5::decode(int, int, unsigned char const*) (imagedds.cpp:253)
==2070523==    by 0x13DC30: ImageBase<Color::ColorType<unsigned int, 8, 16, 8, 8, 8, 0, 8, 24> > _dds::LoadProxy<_dds::LoadDXT5>(File, _dds::DDS_HEADER const&) (imagedds.cpp:495)
==2070523==    by 0x13C56D: ImagePrivate::imReadDDS(ImageBase<Color::ColorType<unsigned int, 8, 16, 8, 8, 8, 0, 8, 24> >&, File&) (imagedds.cpp:537)
==2070523==    by 0x13802F: ImagePrivate::imRead(File, ImageFormat::Type) (image.cpp:92)
==2070523==    by 0x1B36C9: ImageBase (image.h:620)
==2070523==    by 0x1B36C9: write_images(std::set<istring, std::less<istring>, std::allocator<istring> > const&, CompositeLoader&, bool) (main.cpp:96)
==2070523==    by 0x1B7CEA: BuildData::write_data(bool, bool) (main.cpp:169)
==2070523==    by 0x116996: main (main.cpp:326)
==2070523== 
==2070523== Invalid write of size 4
==2070523==    at 0x13D41F: operator= (image.h:124)
==2070523==    by 0x13D41F: _dds::LoadDXT5::decode(int, int, unsigned char const*) (imagedds.cpp:289)
==2070523==    by 0x13DC30: ImageBase<Color::ColorType<unsigned int, 8, 16, 8, 8, 8, 0, 8, 24> > _dds::LoadProxy<_dds::LoadDXT5>(File, _dds::DDS_HEADER const&) (imagedds.cpp:495)
==2070523==    by 0x13C56D: ImagePrivate::imReadDDS(ImageBase<Color::ColorType<unsigned int, 8, 16, 8, 8, 8, 0, 8, 24> >&, File&) (imagedds.cpp:537)
==2070523==    by 0x13802F: ImagePrivate::imRead(File, ImageFormat::Type) (image.cpp:92)
==2070523==    by 0x1B36C9: ImageBase (image.h:620)
==2070523==    by 0x1B36C9: write_images(std::set<istring, std::less<istring>, std::allocator<istring> > const&, CompositeLoader&, bool) (main.cpp:96)
==2070523==    by 0x1B7CEA: BuildData::write_data(bool, bool) (main.cpp:169)
==2070523==    by 0x116996: main (main.cpp:326)
==2070523==  Address 0x787e458 is 24 bytes before a block of size 80 alloc'd
==2070523==    at 0x4849013: operator new(unsigned long) (in /usr/libexec/valgrind/vgpreload_memcheck-amd64-linux.so)
==2070523==    by 0x18B04C: allocate (new_allocator.h:127)
==2070523==    by 0x18B04C: allocate (alloc_traits.h:464)
==2070523==    by 0x18B04C: _M_get_node (stl_tree.h:561)
==2070523==    by 0x18B04C: _M_create_node<const std::piecewise_construct_t&, std::tuple<istring&&>, std::tuple<> > (stl_tree.h:611)
==2070523==    by 0x18B04C: _M_emplace_hint_unique<const std::piecewise_construct_t&, std::tuple<istring&&>, std::tuple<> > (stl_tree.h:2431)
==2070523==    by 0x18B04C: operator[] (stl_map.h:520)
==2070523==    by 0x18B04C: CdnLoader::CdnLoader(std::__cxx11::basic_string<char, std::char_traits<char>, std::allocator<char> > const&) (cdnloader.cpp:29)
==2070523==    by 0x1BA475: construct<CdnLoader, const std::__cxx11::basic_string<char, std::char_traits<char>, std::allocator<char> >&> (new_allocator.h:162)
==2070523==    by 0x1BA475: construct<CdnLoader, const std::__cxx11::basic_string<char, std::char_traits<char>, std::allocator<char> >&> (alloc_traits.h:516)
==2070523==    by 0x1BA475: _Sp_counted_ptr_inplace<const std::__cxx11::basic_string<char, std::char_traits<char>, std::allocator<char> >&> (shared_ptr_base.h:519)
==2070523==    by 0x1BA475: __shared_count<CdnLoader, std::allocator<CdnLoader>, const std::__cxx11::basic_string<char, std::char_traits<char>, std::allocator<char> >&> (shared_ptr_base.h:650)
==2070523==    by 0x1BA475: __shared_ptr<std::allocator<CdnLoader>, const std::__cxx11::basic_string<char, std::char_traits<char>, std::allocator<char> >&> (shared_ptr_base.h:1342)
==2070523==    by 0x1BA475: shared_ptr<std::allocator<CdnLoader>, const std::__cxx11::basic_string<char, std::char_traits<char>, std::allocator<char> >&> (shared_ptr.h:409)
==2070523==    by 0x1BA475: allocate_shared<CdnLoader, std::allocator<CdnLoader>, const std::__cxx11::basic_string<char, std::char_traits<char>, std::allocator<char> >&> (shared_ptr.h:863)
==2070523==    by 0x1BA475: make_shared<CdnLoader, const std::__cxx11::basic_string<char, std::char_traits<char>, std::allocator<char> >&> (shared_ptr.h:879)
==2070523==    by 0x1BA475: CdnBuildData::CdnBuildData(std::__cxx11::basic_string<char, std::char_traits<char>, std::allocator<char> > const&) (main.cpp:249)
==2070523==    by 0x116984: main (main.cpp:322)
==2070523== 
==2070523== Invalid write of size 8
==2070523==    at 0x13D461: operator= (image.h:38)
==2070523==    by 0x13D461: _dds::LoadDXT5::decode(int, int, unsigned char const*) (imagedds.cpp:294)
==2070523==    by 0x13DC30: ImageBase<Color::ColorType<unsigned int, 8, 16, 8, 8, 8, 0, 8, 24> > _dds::LoadProxy<_dds::LoadDXT5>(File, _dds::DDS_HEADER const&) (imagedds.cpp:495)
==2070523==    by 0x13C56D: ImagePrivate::imReadDDS(ImageBase<Color::ColorType<unsigned int, 8, 16, 8, 8, 8, 0, 8, 24> >&, File&) (imagedds.cpp:537)
==2070523==    by 0x13802F: ImagePrivate::imRead(File, ImageFormat::Type) (image.cpp:92)
==2070523==    by 0x1B36C9: ImageBase (image.h:620)
==2070523==    by 0x1B36C9: write_images(std::set<istring, std::less<istring>, std::allocator<istring> > const&, CompositeLoader&, bool) (main.cpp:96)
==2070523==    by 0x1B7CEA: BuildData::write_data(bool, bool) (main.cpp:169)
==2070523==    by 0x116996: main (main.cpp:326)
==2070523==  Address 0x787e458 is 24 bytes before a block of size 80 alloc'd
==2070523==    at 0x4849013: operator new(unsigned long) (in /usr/libexec/valgrind/vgpreload_memcheck-amd64-linux.so)
==2070523==    by 0x18B04C: allocate (new_allocator.h:127)
==2070523==    by 0x18B04C: allocate (alloc_traits.h:464)
==2070523==    by 0x18B04C: _M_get_node (stl_tree.h:561)
==2070523==    by 0x18B04C: _M_create_node<const std::piecewise_construct_t&, std::tuple<istring&&>, std::tuple<> > (stl_tree.h:611)
==2070523==    by 0x18B04C: _M_emplace_hint_unique<const std::piecewise_construct_t&, std::tuple<istring&&>, std::tuple<> > (stl_tree.h:2431)
==2070523==    by 0x18B04C: operator[] (stl_map.h:520)
==2070523==    by 0x18B04C: CdnLoader::CdnLoader(std::__cxx11::basic_string<char, std::char_traits<char>, std::allocator<char> > const&) (cdnloader.cpp:29)
==2070523==    by 0x1BA475: construct<CdnLoader, const std::__cxx11::basic_string<char, std::char_traits<char>, std::allocator<char> >&> (new_allocator.h:162)
==2070523==    by 0x1BA475: construct<CdnLoader, const std::__cxx11::basic_string<char, std::char_traits<char>, std::allocator<char> >&> (alloc_traits.h:516)
==2070523==    by 0x1BA475: _Sp_counted_ptr_inplace<const std::__cxx11::basic_string<char, std::char_traits<char>, std::allocator<char> >&> (shared_ptr_base.h:519)
==2070523==    by 0x1BA475: __shared_count<CdnLoader, std::allocator<CdnLoader>, const std::__cxx11::basic_string<char, std::char_traits<char>, std::allocator<char> >&> (shared_ptr_base.h:650)
==2070523==    by 0x1BA475: __shared_ptr<std::allocator<CdnLoader>, const std::__cxx11::basic_string<char, std::char_traits<char>, std::allocator<char> >&> (shared_ptr_base.h:1342)
==2070523==    by 0x1BA475: shared_ptr<std::allocator<CdnLoader>, const std::__cxx11::basic_string<char, std::char_traits<char>, std::allocator<char> >&> (shared_ptr.h:409)
==2070523==    by 0x1BA475: allocate_shared<CdnLoader, std::allocator<CdnLoader>, const std::__cxx11::basic_string<char, std::char_traits<char>, std::allocator<char> >&> (shared_ptr.h:863)
==2070523==    by 0x1BA475: make_shared<CdnLoader, const std::__cxx11::basic_string<char, std::char_traits<char>, std::allocator<char> >&> (shared_ptr.h:879)
==2070523==    by 0x1BA475: CdnBuildData::CdnBuildData(std::__cxx11::basic_string<char, std::char_traits<char>, std::allocator<char> > const&) (main.cpp:249)
==2070523==    by 0x116984: main (main.cpp:322)
==2070523== 
==2070523== Invalid write of size 8
==2070523==    at 0x13D4A6: operator= (image.h:38)
==2070523==    by 0x13D4A6: _dds::LoadDXT5::decode(int, int, unsigned char const*) (imagedds.cpp:294)
==2070523==    by 0x13DC30: ImageBase<Color::ColorType<unsigned int, 8, 16, 8, 8, 8, 0, 8, 24> > _dds::LoadProxy<_dds::LoadDXT5>(File, _dds::DDS_HEADER const&) (imagedds.cpp:495)
==2070523==    by 0x13C56D: ImagePrivate::imReadDDS(ImageBase<Color::ColorType<unsigned int, 8, 16, 8, 8, 8, 0, 8, 24> >&, File&) (imagedds.cpp:537)
==2070523==    by 0x13802F: ImagePrivate::imRead(File, ImageFormat::Type) (image.cpp:92)
==2070523==    by 0x1B36C9: ImageBase (image.h:620)
==2070523==    by 0x1B36C9: write_images(std::set<istring, std::less<istring>, std::allocator<istring> > const&, CompositeLoader&, bool) (main.cpp:96)
==2070523==    by 0x1B7CEA: BuildData::write_data(bool, bool) (main.cpp:169)
==2070523==    by 0x116996: main (main.cpp:326)
==2070523==  Address 0x787e45c is 20 bytes before a block of size 80 alloc'd
==2070523==    at 0x4849013: operator new(unsigned long) (in /usr/libexec/valgrind/vgpreload_memcheck-amd64-linux.so)
==2070523==    by 0x18B04C: allocate (new_allocator.h:127)
==2070523==    by 0x18B04C: allocate (alloc_traits.h:464)
==2070523==    by 0x18B04C: _M_get_node (stl_tree.h:561)
==2070523==    by 0x18B04C: _M_create_node<const std::piecewise_construct_t&, std::tuple<istring&&>, std::tuple<> > (stl_tree.h:611)
==2070523==    by 0x18B04C: _M_emplace_hint_unique<const std::piecewise_construct_t&, std::tuple<istring&&>, std::tuple<> > (stl_tree.h:2431)
==2070523==    by 0x18B04C: operator[] (stl_map.h:520)
==2070523==    by 0x18B04C: CdnLoader::CdnLoader(std::__cxx11::basic_string<char, std::char_traits<char>, std::allocator<char> > const&) (cdnloader.cpp:29)
==2070523==    by 0x1BA475: construct<CdnLoader, const std::__cxx11::basic_string<char, std::char_traits<char>, std::allocator<char> >&> (new_allocator.h:162)
==2070523==    by 0x1BA475: construct<CdnLoader, const std::__cxx11::basic_string<char, std::char_traits<char>, std::allocator<char> >&> (alloc_traits.h:516)
==2070523==    by 0x1BA475: _Sp_counted_ptr_inplace<const std::__cxx11::basic_string<char, std::char_traits<char>, std::allocator<char> >&> (shared_ptr_base.h:519)
==2070523==    by 0x1BA475: __shared_count<CdnLoader, std::allocator<CdnLoader>, const std::__cxx11::basic_string<char, std::char_traits<char>, std::allocator<char> >&> (shared_ptr_base.h:650)
==2070523==    by 0x1BA475: __shared_ptr<std::allocator<CdnLoader>, const std::__cxx11::basic_string<char, std::char_traits<char>, std::allocator<char> >&> (shared_ptr_base.h:1342)
==2070523==    by 0x1BA475: shared_ptr<std::allocator<CdnLoader>, const std::__cxx11::basic_string<char, std::char_traits<char>, std::allocator<char> >&> (shared_ptr.h:409)
==2070523==    by 0x1BA475: allocate_shared<CdnLoader, std::allocator<CdnLoader>, const std::__cxx11::basic_string<char, std::char_traits<char>, std::allocator<char> >&> (shared_ptr.h:863)
==2070523==    by 0x1BA475: make_shared<CdnLoader, const std::__cxx11::basic_string<char, std::char_traits<char>, std::allocator<char> >&> (shared_ptr.h:879)
==2070523==    by 0x1BA475: CdnBuildData::CdnBuildData(std::__cxx11::basic_string<char, std::char_traits<char>, std::allocator<char> > const&) (main.cpp:249)
==2070523==    by 0x116984: main (main.cpp:322)
==2070523== 
==2070523== Invalid write of size 8
==2070523==    at 0x13D4EA: operator= (image.h:38)
==2070523==    by 0x13D4EA: _dds::LoadDXT5::decode(int, int, unsigned char const*) (imagedds.cpp:294)
==2070523==    by 0x13DC30: ImageBase<Color::ColorType<unsigned int, 8, 16, 8, 8, 8, 0, 8, 24> > _dds::LoadProxy<_dds::LoadDXT5>(File, _dds::DDS_HEADER const&) (imagedds.cpp:495)
==2070523==    by 0x13C56D: ImagePrivate::imReadDDS(ImageBase<Color::ColorType<unsigned int, 8, 16, 8, 8, 8, 0, 8, 24> >&, File&) (imagedds.cpp:537)
==2070523==    by 0x13802F: ImagePrivate::imRead(File, ImageFormat::Type) (image.cpp:92)
==2070523==    by 0x1B36C9: ImageBase (image.h:620)
==2070523==    by 0x1B36C9: write_images(std::set<istring, std::less<istring>, std::allocator<istring> > const&, CompositeLoader&, bool) (main.cpp:96)
==2070523==    by 0x1B7CEA: BuildData::write_data(bool, bool) (main.cpp:169)
==2070523==    by 0x116996: main (main.cpp:326)
==2070523==  Address 0x787e460 is 16 bytes before a block of size 80 alloc'd
==2070523==    at 0x4849013: operator new(unsigned long) (in /usr/libexec/valgrind/vgpreload_memcheck-amd64-linux.so)
==2070523==    by 0x18B04C: allocate (new_allocator.h:127)
==2070523==    by 0x18B04C: allocate (alloc_traits.h:464)
==2070523==    by 0x18B04C: _M_get_node (stl_tree.h:561)
==2070523==    by 0x18B04C: _M_create_node<const std::piecewise_construct_t&, std::tuple<istring&&>, std::tuple<> > (stl_tree.h:611)
==2070523==    by 0x18B04C: _M_emplace_hint_unique<const std::piecewise_construct_t&, std::tuple<istring&&>, std::tuple<> > (stl_tree.h:2431)
==2070523==    by 0x18B04C: operator[] (stl_map.h:520)
==2070523==    by 0x18B04C: CdnLoader::CdnLoader(std::__cxx11::basic_string<char, std::char_traits<char>, std::allocator<char> > const&) (cdnloader.cpp:29)
==2070523==    by 0x1BA475: construct<CdnLoader, const std::__cxx11::basic_string<char, std::char_traits<char>, std::allocator<char> >&> (new_allocator.h:162)
==2070523==    by 0x1BA475: construct<CdnLoader, const std::__cxx11::basic_string<char, std::char_traits<char>, std::allocator<char> >&> (alloc_traits.h:516)
==2070523==    by 0x1BA475: _Sp_counted_ptr_inplace<const std::__cxx11::basic_string<char, std::char_traits<char>, std::allocator<char> >&> (shared_ptr_base.h:519)
==2070523==    by 0x1BA475: __shared_count<CdnLoader, std::allocator<CdnLoader>, const std::__cxx11::basic_string<char, std::char_traits<char>, std::allocator<char> >&> (shared_ptr_base.h:650)
==2070523==    by 0x1BA475: __shared_ptr<std::allocator<CdnLoader>, const std::__cxx11::basic_string<char, std::char_traits<char>, std::allocator<char> >&> (shared_ptr_base.h:1342)
==2070523==    by 0x1BA475: shared_ptr<std::allocator<CdnLoader>, const std::__cxx11::basic_string<char, std::char_traits<char>, std::allocator<char> >&> (shared_ptr.h:409)
==2070523==    by 0x1BA475: allocate_shared<CdnLoader, std::allocator<CdnLoader>, const std::__cxx11::basic_string<char, std::char_traits<char>, std::allocator<char> >&> (shared_ptr.h:863)
==2070523==    by 0x1BA475: make_shared<CdnLoader, const std::__cxx11::basic_string<char, std::char_traits<char>, std::allocator<char> >&> (shared_ptr.h:879)
==2070523==    by 0x1BA475: CdnBuildData::CdnBuildData(std::__cxx11::basic_string<char, std::char_traits<char>, std::allocator<char> > const&) (main.cpp:249)
==2070523==    by 0x116984: main (main.cpp:322)
==2070523== 
==2070523== Invalid write of size 4
==2070523==    at 0x13D509: operator= (image.h:38)
==2070523==    by 0x13D509: _dds::LoadDXT5::decode(int, int, unsigned char const*) (imagedds.cpp:294)
==2070523==    by 0x13DC30: ImageBase<Color::ColorType<unsigned int, 8, 16, 8, 8, 8, 0, 8, 24> > _dds::LoadProxy<_dds::LoadDXT5>(File, _dds::DDS_HEADER const&) (imagedds.cpp:495)
==2070523==    by 0x13C56D: ImagePrivate::imReadDDS(ImageBase<Color::ColorType<unsigned int, 8, 16, 8, 8, 8, 0, 8, 24> >&, File&) (imagedds.cpp:537)
==2070523==    by 0x13802F: ImagePrivate::imRead(File, ImageFormat::Type) (image.cpp:92)
==2070523==    by 0x1B36C9: ImageBase (image.h:620)
==2070523==    by 0x1B36C9: write_images(std::set<istring, std::less<istring>, std::allocator<istring> > const&, CompositeLoader&, bool) (main.cpp:96)
==2070523==    by 0x1B7CEA: BuildData::write_data(bool, bool) (main.cpp:169)
==2070523==    by 0x116996: main (main.cpp:326)
==2070523==  Address 0x787e464 is 12 bytes before a block of size 80 alloc'd
==2070523==    at 0x4849013: operator new(unsigned long) (in /usr/libexec/valgrind/vgpreload_memcheck-amd64-linux.so)
==2070523==    by 0x18B04C: allocate (new_allocator.h:127)
==2070523==    by 0x18B04C: allocate (alloc_traits.h:464)
==2070523==    by 0x18B04C: _M_get_node (stl_tree.h:561)
==2070523==    by 0x18B04C: _M_create_node<const std::piecewise_construct_t&, std::tuple<istring&&>, std::tuple<> > (stl_tree.h:611)
==2070523==    by 0x18B04C: _M_emplace_hint_unique<const std::piecewise_construct_t&, std::tuple<istring&&>, std::tuple<> > (stl_tree.h:2431)
==2070523==    by 0x18B04C: operator[] (stl_map.h:520)
==2070523==    by 0x18B04C: CdnLoader::CdnLoader(std::__cxx11::basic_string<char, std::char_traits<char>, std::allocator<char> > const&) (cdnloader.cpp:29)
==2070523==    by 0x1BA475: construct<CdnLoader, const std::__cxx11::basic_string<char, std::char_traits<char>, std::allocator<char> >&> (new_allocator.h:162)
==2070523==    by 0x1BA475: construct<CdnLoader, const std::__cxx11::basic_string<char, std::char_traits<char>, std::allocator<char> >&> (alloc_traits.h:516)
==2070523==    by 0x1BA475: _Sp_counted_ptr_inplace<const std::__cxx11::basic_string<char, std::char_traits<char>, std::allocator<char> >&> (shared_ptr_base.h:519)
==2070523==    by 0x1BA475: __shared_count<CdnLoader, std::allocator<CdnLoader>, const std::__cxx11::basic_string<char, std::char_traits<char>, std::allocator<char> >&> (shared_ptr_base.h:650)
==2070523==    by 0x1BA475: __shared_ptr<std::allocator<CdnLoader>, const std::__cxx11::basic_string<char, std::char_traits<char>, std::allocator<char> >&> (shared_ptr_base.h:1342)
==2070523==    by 0x1BA475: shared_ptr<std::allocator<CdnLoader>, const std::__cxx11::basic_string<char, std::char_traits<char>, std::allocator<char> >&> (shared_ptr.h:409)
==2070523==    by 0x1BA475: allocate_shared<CdnLoader, std::allocator<CdnLoader>, const std::__cxx11::basic_string<char, std::char_traits<char>, std::allocator<char> >&> (shared_ptr.h:863)
==2070523==    by 0x1BA475: make_shared<CdnLoader, const std::__cxx11::basic_string<char, std::char_traits<char>, std::allocator<char> >&> (shared_ptr.h:879)
==2070523==    by 0x1BA475: CdnBuildData::CdnBuildData(std::__cxx11::basic_string<char, std::char_traits<char>, std::allocator<char> > const&) (main.cpp:249)
==2070523==    by 0x116984: main (main.cpp:322)
==2070523== 
==2070523== Invalid write of size 8
==2070523==    at 0x13D243: operator= (image.h:38)
==2070523==    by 0x13D243: _dds::LoadDXT5::decode(int, int, unsigned char const*) (imagedds.cpp:294)
==2070523==    by 0x13DC30: ImageBase<Color::ColorType<unsigned int, 8, 16, 8, 8, 8, 0, 8, 24> > _dds::LoadProxy<_dds::LoadDXT5>(File, _dds::DDS_HEADER const&) (imagedds.cpp:495)
==2070523==    by 0x13C56D: ImagePrivate::imReadDDS(ImageBase<Color::ColorType<unsigned int, 8, 16, 8, 8, 8, 0, 8, 24> >&, File&) (imagedds.cpp:537)
==2070523==    by 0x13802F: ImagePrivate::imRead(File, ImageFormat::Type) (image.cpp:92)
==2070523==    by 0x1B36C9: ImageBase (image.h:620)
==2070523==    by 0x1B36C9: write_images(std::set<istring, std::less<istring>, std::allocator<istring> > const&, CompositeLoader&, bool) (main.cpp:96)
==2070523==    by 0x1B7CEA: BuildData::write_data(bool, bool) (main.cpp:169)
==2070523==    by 0x116996: main (main.cpp:326)
==2070523==  Address 0x787e420 is 672 bytes inside a block of size 676 alloc'd
==2070523==    at 0x484A2F3: operator new[](unsigned long) (in /usr/libexec/valgrind/vgpreload_memcheck-amd64-linux.so)
==2070523==    by 0x13CFB8: Data (image.h:519)
==2070523==    by 0x13CFB8: ImageBase (image.h:410)
==2070523==    by 0x13CFB8: _dds::LoadDXT5::decode(int, int, unsigned char const*) (imagedds.cpp:253)
==2070523==    by 0x13DC30: ImageBase<Color::ColorType<unsigned int, 8, 16, 8, 8, 8, 0, 8, 24> > _dds::LoadProxy<_dds::LoadDXT5>(File, _dds::DDS_HEADER const&) (imagedds.cpp:495)
==2070523==    by 0x13C56D: ImagePrivate::imReadDDS(ImageBase<Color::ColorType<unsigned int, 8, 16, 8, 8, 8, 0, 8, 24> >&, File&) (imagedds.cpp:537)
==2070523==    by 0x13802F: ImagePrivate::imRead(File, ImageFormat::Type) (image.cpp:92)
==2070523==    by 0x1B36C9: ImageBase (image.h:620)
==2070523==    by 0x1B36C9: write_images(std::set<istring, std::less<istring>, std::allocator<istring> > const&, CompositeLoader&, bool) (main.cpp:96)
==2070523==    by 0x1B7CEA: BuildData::write_data(bool, bool) (main.cpp:169)
==2070523==    by 0x116996: main (main.cpp:326)
==2070523== 
==2070523== Invalid write of size 8
==2070523==    at 0x13D288: operator= (image.h:38)
==2070523==    by 0x13D288: _dds::LoadDXT5::decode(int, int, unsigned char const*) (imagedds.cpp:294)
==2070523==    by 0x13DC30: ImageBase<Color::ColorType<unsigned int, 8, 16, 8, 8, 8, 0, 8, 24> > _dds::LoadProxy<_dds::LoadDXT5>(File, _dds::DDS_HEADER const&) (imagedds.cpp:495)
==2070523==    by 0x13C56D: ImagePrivate::imReadDDS(ImageBase<Color::ColorType<unsigned int, 8, 16, 8, 8, 8, 0, 8, 24> >&, File&) (imagedds.cpp:537)
==2070523==    by 0x13802F: ImagePrivate::imRead(File, ImageFormat::Type) (image.cpp:92)
==2070523==    by 0x1B36C9: ImageBase (image.h:620)
==2070523==    by 0x1B36C9: write_images(std::set<istring, std::less<istring>, std::allocator<istring> > const&, CompositeLoader&, bool) (main.cpp:96)
==2070523==    by 0x1B7CEA: BuildData::write_data(bool, bool) (main.cpp:169)
==2070523==    by 0x116996: main (main.cpp:326)
==2070523==  Address 0x787e424 is 0 bytes after a block of size 676 alloc'd
==2070523==    at 0x484A2F3: operator new[](unsigned long) (in /usr/libexec/valgrind/vgpreload_memcheck-amd64-linux.so)
==2070523==    by 0x13CFB8: Data (image.h:519)
==2070523==    by 0x13CFB8: ImageBase (image.h:410)
==2070523==    by 0x13CFB8: _dds::LoadDXT5::decode(int, int, unsigned char const*) (imagedds.cpp:253)
==2070523==    by 0x13DC30: ImageBase<Color::ColorType<unsigned int, 8, 16, 8, 8, 8, 0, 8, 24> > _dds::LoadProxy<_dds::LoadDXT5>(File, _dds::DDS_HEADER const&) (imagedds.cpp:495)
==2070523==    by 0x13C56D: ImagePrivate::imReadDDS(ImageBase<Color::ColorType<unsigned int, 8, 16, 8, 8, 8, 0, 8, 24> >&, File&) (imagedds.cpp:537)
==2070523==    by 0x13802F: ImagePrivate::imRead(File, ImageFormat::Type) (image.cpp:92)
==2070523==    by 0x1B36C9: ImageBase (image.h:620)
==2070523==    by 0x1B36C9: write_images(std::set<istring, std::less<istring>, std::allocator<istring> > const&, CompositeLoader&, bool) (main.cpp:96)
==2070523==    by 0x1B7CEA: BuildData::write_data(bool, bool) (main.cpp:169)
==2070523==    by 0x116996: main (main.cpp:326)
==2070523== 
==2070523== Invalid write of size 8
==2070523==    at 0x13D2CC: operator= (image.h:38)
==2070523==    by 0x13D2CC: _dds::LoadDXT5::decode(int, int, unsigned char const*) (imagedds.cpp:294)
==2070523==    by 0x13DC30: ImageBase<Color::ColorType<unsigned int, 8, 16, 8, 8, 8, 0, 8, 24> > _dds::LoadProxy<_dds::LoadDXT5>(File, _dds::DDS_HEADER const&) (imagedds.cpp:495)
==2070523==    by 0x13C56D: ImagePrivate::imReadDDS(ImageBase<Color::ColorType<unsigned int, 8, 16, 8, 8, 8, 0, 8, 24> >&, File&) (imagedds.cpp:537)
==2070523==    by 0x13802F: ImagePrivate::imRead(File, ImageFormat::Type) (image.cpp:92)
==2070523==    by 0x1B36C9: ImageBase (image.h:620)
==2070523==    by 0x1B36C9: write_images(std::set<istring, std::less<istring>, std::allocator<istring> > const&, CompositeLoader&, bool) (main.cpp:96)
==2070523==    by 0x1B7CEA: BuildData::write_data(bool, bool) (main.cpp:169)
==2070523==    by 0x116996: main (main.cpp:326)
==2070523==  Address 0x787e428 is 4 bytes after a block of size 676 alloc'd
==2070523==    at 0x484A2F3: operator new[](unsigned long) (in /usr/libexec/valgrind/vgpreload_memcheck-amd64-linux.so)
==2070523==    by 0x13CFB8: Data (image.h:519)
==2070523==    by 0x13CFB8: ImageBase (image.h:410)
==2070523==    by 0x13CFB8: _dds::LoadDXT5::decode(int, int, unsigned char const*) (imagedds.cpp:253)
==2070523==    by 0x13DC30: ImageBase<Color::ColorType<unsigned int, 8, 16, 8, 8, 8, 0, 8, 24> > _dds::LoadProxy<_dds::LoadDXT5>(File, _dds::DDS_HEADER const&) (imagedds.cpp:495)
==2070523==    by 0x13C56D: ImagePrivate::imReadDDS(ImageBase<Color::ColorType<unsigned int, 8, 16, 8, 8, 8, 0, 8, 24> >&, File&) (imagedds.cpp:537)
==2070523==    by 0x13802F: ImagePrivate::imRead(File, ImageFormat::Type) (image.cpp:92)
==2070523==    by 0x1B36C9: ImageBase (image.h:620)
==2070523==    by 0x1B36C9: write_images(std::set<istring, std::less<istring>, std::allocator<istring> > const&, CompositeLoader&, bool) (main.cpp:96)
==2070523==    by 0x1B7CEA: BuildData::write_data(bool, bool) (main.cpp:169)
==2070523==    by 0x116996: main (main.cpp:326)
==2070523== 
==2070523== Invalid write of size 4
==2070523==    at 0x13D2EB: operator= (image.h:38)
==2070523==    by 0x13D2EB: _dds::LoadDXT5::decode(int, int, unsigned char const*) (imagedds.cpp:294)
==2070523==    by 0x13DC30: ImageBase<Color::ColorType<unsigned int, 8, 16, 8, 8, 8, 0, 8, 24> > _dds::LoadProxy<_dds::LoadDXT5>(File, _dds::DDS_HEADER const&) (imagedds.cpp:495)
==2070523==    by 0x13C56D: ImagePrivate::imReadDDS(ImageBase<Color::ColorType<unsigned int, 8, 16, 8, 8, 8, 0, 8, 24> >&, File&) (imagedds.cpp:537)
==2070523==    by 0x13802F: ImagePrivate::imRead(File, ImageFormat::Type) (image.cpp:92)
==2070523==    by 0x1B36C9: ImageBase (image.h:620)
==2070523==    by 0x1B36C9: write_images(std::set<istring, std::less<istring>, std::allocator<istring> > const&, CompositeLoader&, bool) (main.cpp:96)
==2070523==    by 0x1B7CEA: BuildData::write_data(bool, bool) (main.cpp:169)
==2070523==    by 0x116996: main (main.cpp:326)
==2070523==  Address 0x787e42c is 8 bytes after a block of size 676 alloc'd
==2070523==    at 0x484A2F3: operator new[](unsigned long) (in /usr/libexec/valgrind/vgpreload_memcheck-amd64-linux.so)
==2070523==    by 0x13CFB8: Data (image.h:519)
==2070523==    by 0x13CFB8: ImageBase (image.h:410)
==2070523==    by 0x13CFB8: _dds::LoadDXT5::decode(int, int, unsigned char const*) (imagedds.cpp:253)
==2070523==    by 0x13DC30: ImageBase<Color::ColorType<unsigned int, 8, 16, 8, 8, 8, 0, 8, 24> > _dds::LoadProxy<_dds::LoadDXT5>(File, _dds::DDS_HEADER const&) (imagedds.cpp:495)
==2070523==    by 0x13C56D: ImagePrivate::imReadDDS(ImageBase<Color::ColorType<unsigned int, 8, 16, 8, 8, 8, 0, 8, 24> >&, File&) (imagedds.cpp:537)
==2070523==    by 0x13802F: ImagePrivate::imRead(File, ImageFormat::Type) (image.cpp:92)
==2070523==    by 0x1B36C9: ImageBase (image.h:620)
==2070523==    by 0x1B36C9: write_images(std::set<istring, std::less<istring>, std::allocator<istring> > const&, CompositeLoader&, bool) (main.cpp:96)
==2070523==    by 0x1B7CEA: BuildData::write_data(bool, bool) (main.cpp:169)
==2070523==    by 0x116996: main (main.cpp:326)
==2070523== 
==2070523== Invalid write of size 8
==2070523==    at 0x13D56B: operator= (image.h:38)
==2070523==    by 0x13D56B: _dds::LoadDXT5::decode(int, int, unsigned char const*) (imagedds.cpp:294)
==2070523==    by 0x13DC30: ImageBase<Color::ColorType<unsigned int, 8, 16, 8, 8, 8, 0, 8, 24> > _dds::LoadProxy<_dds::LoadDXT5>(File, _dds::DDS_HEADER const&) (imagedds.cpp:495)
==2070523==    by 0x13C56D: ImagePrivate::imReadDDS(ImageBase<Color::ColorType<unsigned int, 8, 16, 8, 8, 8, 0, 8, 24> >&, File&) (imagedds.cpp:537)
==2070523==    by 0x13802F: ImagePrivate::imRead(File, ImageFormat::Type) (image.cpp:92)
==2070523==    by 0x1B36C9: ImageBase (image.h:620)
==2070523==    by 0x1B36C9: write_images(std::set<istring, std::less<istring>, std::allocator<istring> > const&, CompositeLoader&, bool) (main.cpp:96)
==2070523==    by 0x1B7CEA: BuildData::write_data(bool, bool) (main.cpp:169)
==2070523==    by 0x116996: main (main.cpp:326)
==2070523==  Address 0x787e4bc is 76 bytes inside a block of size 80 alloc'd
==2070523==    at 0x4849013: operator new(unsigned long) (in /usr/libexec/valgrind/vgpreload_memcheck-amd64-linux.so)
==2070523==    by 0x18B04C: allocate (new_allocator.h:127)
==2070523==    by 0x18B04C: allocate (alloc_traits.h:464)
==2070523==    by 0x18B04C: _M_get_node (stl_tree.h:561)
==2070523==    by 0x18B04C: _M_create_node<const std::piecewise_construct_t&, std::tuple<istring&&>, std::tuple<> > (stl_tree.h:611)
==2070523==    by 0x18B04C: _M_emplace_hint_unique<const std::piecewise_construct_t&, std::tuple<istring&&>, std::tuple<> > (stl_tree.h:2431)
==2070523==    by 0x18B04C: operator[] (stl_map.h:520)
==2070523==    by 0x18B04C: CdnLoader::CdnLoader(std::__cxx11::basic_string<char, std::char_traits<char>, std::allocator<char> > const&) (cdnloader.cpp:29)
==2070523==    by 0x1BA475: construct<CdnLoader, const std::__cxx11::basic_string<char, std::char_traits<char>, std::allocator<char> >&> (new_allocator.h:162)
==2070523==    by 0x1BA475: construct<CdnLoader, const std::__cxx11::basic_string<char, std::char_traits<char>, std::allocator<char> >&> (alloc_traits.h:516)
==2070523==    by 0x1BA475: _Sp_counted_ptr_inplace<const std::__cxx11::basic_string<char, std::char_traits<char>, std::allocator<char> >&> (shared_ptr_base.h:519)
==2070523==    by 0x1BA475: __shared_count<CdnLoader, std::allocator<CdnLoader>, const std::__cxx11::basic_string<char, std::char_traits<char>, std::allocator<char> >&> (shared_ptr_base.h:650)
==2070523==    by 0x1BA475: __shared_ptr<std::allocator<CdnLoader>, const std::__cxx11::basic_string<char, std::char_traits<char>, std::allocator<char> >&> (shared_ptr_base.h:1342)
==2070523==    by 0x1BA475: shared_ptr<std::allocator<CdnLoader>, const std::__cxx11::basic_string<char, std::char_traits<char>, std::allocator<char> >&> (shared_ptr.h:409)
==2070523==    by 0x1BA475: allocate_shared<CdnLoader, std::allocator<CdnLoader>, const std::__cxx11::basic_string<char, std::char_traits<char>, std::allocator<char> >&> (shared_ptr.h:863)
==2070523==    by 0x1BA475: make_shared<CdnLoader, const std::__cxx11::basic_string<char, std::char_traits<char>, std::allocator<char> >&> (shared_ptr.h:879)
==2070523==    by 0x1BA475: CdnBuildData::CdnBuildData(std::__cxx11::basic_string<char, std::char_traits<char>, std::allocator<char> > const&) (main.cpp:249)
==2070523==    by 0x116984: main (main.cpp:322)
==2070523== 
==2070523== Invalid write of size 8
==2070523==    at 0x13D5AC: operator= (image.h:38)
==2070523==    by 0x13D5AC: _dds::LoadDXT5::decode(int, int, unsigned char const*) (imagedds.cpp:294)
==2070523==    by 0x13DC30: ImageBase<Color::ColorType<unsigned int, 8, 16, 8, 8, 8, 0, 8, 24> > _dds::LoadProxy<_dds::LoadDXT5>(File, _dds::DDS_HEADER const&) (imagedds.cpp:495)
==2070523==    by 0x13C56D: ImagePrivate::imReadDDS(ImageBase<Color::ColorType<unsigned int, 8, 16, 8, 8, 8, 0, 8, 24> >&, File&) (imagedds.cpp:537)
==2070523==    by 0x13802F: ImagePrivate::imRead(File, ImageFormat::Type) (image.cpp:92)
==2070523==    by 0x1B36C9: ImageBase (image.h:620)
==2070523==    by 0x1B36C9: write_images(std::set<istring, std::less<istring>, std::allocator<istring> > const&, CompositeLoader&, bool) (main.cpp:96)
==2070523==    by 0x1B7CEA: BuildData::write_data(bool, bool) (main.cpp:169)
==2070523==    by 0x116996: main (main.cpp:326)
==2070523==  Address 0x787e4c0 is 0 bytes after a block of size 80 alloc'd
==2070523==    at 0x4849013: operator new(unsigned long) (in /usr/libexec/valgrind/vgpreload_memcheck-amd64-linux.so)
==2070523==    by 0x18B04C: allocate (new_allocator.h:127)
==2070523==    by 0x18B04C: allocate (alloc_traits.h:464)
==2070523==    by 0x18B04C: _M_get_node (stl_tree.h:561)
==2070523==    by 0x18B04C: _M_create_node<const std::piecewise_construct_t&, std::tuple<istring&&>, std::tuple<> > (stl_tree.h:611)
==2070523==    by 0x18B04C: _M_emplace_hint_unique<const std::piecewise_construct_t&, std::tuple<istring&&>, std::tuple<> > (stl_tree.h:2431)
==2070523==    by 0x18B04C: operator[] (stl_map.h:520)
==2070523==    by 0x18B04C: CdnLoader::CdnLoader(std::__cxx11::basic_string<char, std::char_traits<char>, std::allocator<char> > const&) (cdnloader.cpp:29)
==2070523==    by 0x1BA475: construct<CdnLoader, const std::__cxx11::basic_string<char, std::char_traits<char>, std::allocator<char> >&> (new_allocator.h:162)
==2070523==    by 0x1BA475: construct<CdnLoader, const std::__cxx11::basic_string<char, std::char_traits<char>, std::allocator<char> >&> (alloc_traits.h:516)
==2070523==    by 0x1BA475: _Sp_counted_ptr_inplace<const std::__cxx11::basic_string<char, std::char_traits<char>, std::allocator<char> >&> (shared_ptr_base.h:519)
==2070523==    by 0x1BA475: __shared_count<CdnLoader, std::allocator<CdnLoader>, const std::__cxx11::basic_string<char, std::char_traits<char>, std::allocator<char> >&> (shared_ptr_base.h:650)
==2070523==    by 0x1BA475: __shared_ptr<std::allocator<CdnLoader>, const std::__cxx11::basic_string<char, std::char_traits<char>, std::allocator<char> >&> (shared_ptr_base.h:1342)
==2070523==    by 0x1BA475: shared_ptr<std::allocator<CdnLoader>, const std::__cxx11::basic_string<char, std::char_traits<char>, std::allocator<char> >&> (shared_ptr.h:409)
==2070523==    by 0x1BA475: allocate_shared<CdnLoader, std::allocator<CdnLoader>, const std::__cxx11::basic_string<char, std::char_traits<char>, std::allocator<char> >&> (shared_ptr.h:863)
==2070523==    by 0x1BA475: make_shared<CdnLoader, const std::__cxx11::basic_string<char, std::char_traits<char>, std::allocator<char> >&> (shared_ptr.h:879)
==2070523==    by 0x1BA475: CdnBuildData::CdnBuildData(std::__cxx11::basic_string<char, std::char_traits<char>, std::allocator<char> > const&) (main.cpp:249)
==2070523==    by 0x116984: main (main.cpp:322)
==2070523== 
==2070523== Invalid write of size 8
==2070523==    at 0x13D5E2: operator= (image.h:38)
==2070523==    by 0x13D5E2: _dds::LoadDXT5::decode(int, int, unsigned char const*) (imagedds.cpp:294)
==2070523==    by 0x13DC30: ImageBase<Color::ColorType<unsigned int, 8, 16, 8, 8, 8, 0, 8, 24> > _dds::LoadProxy<_dds::LoadDXT5>(File, _dds::DDS_HEADER const&) (imagedds.cpp:495)
==2070523==    by 0x13C56D: ImagePrivate::imReadDDS(ImageBase<Color::ColorType<unsigned int, 8, 16, 8, 8, 8, 0, 8, 24> >&, File&) (imagedds.cpp:537)
==2070523==    by 0x13802F: ImagePrivate::imRead(File, ImageFormat::Type) (image.cpp:92)
==2070523==    by 0x1B36C9: ImageBase (image.h:620)
==2070523==    by 0x1B36C9: write_images(std::set<istring, std::less<istring>, std::allocator<istring> > const&, CompositeLoader&, bool) (main.cpp:96)
==2070523==    by 0x1B7CEA: BuildData::write_data(bool, bool) (main.cpp:169)
==2070523==    by 0x116996: main (main.cpp:326)
==2070523==  Address 0x787e4c4 is 4 bytes after a block of size 80 alloc'd
==2070523==    at 0x4849013: operator new(unsigned long) (in /usr/libexec/valgrind/vgpreload_memcheck-amd64-linux.so)
==2070523==    by 0x18B04C: allocate (new_allocator.h:127)
==2070523==    by 0x18B04C: allocate (alloc_traits.h:464)
==2070523==    by 0x18B04C: _M_get_node (stl_tree.h:561)
==2070523==    by 0x18B04C: _M_create_node<const std::piecewise_construct_t&, std::tuple<istring&&>, std::tuple<> > (stl_tree.h:611)
==2070523==    by 0x18B04C: _M_emplace_hint_unique<const std::piecewise_construct_t&, std::tuple<istring&&>, std::tuple<> > (stl_tree.h:2431)
==2070523==    by 0x18B04C: operator[] (stl_map.h:520)
==2070523==    by 0x18B04C: CdnLoader::CdnLoader(std::__cxx11::basic_string<char, std::char_traits<char>, std::allocator<char> > const&) (cdnloader.cpp:29)
==2070523==    by 0x1BA475: construct<CdnLoader, const std::__cxx11::basic_string<char, std::char_traits<char>, std::allocator<char> >&> (new_allocator.h:162)
==2070523==    by 0x1BA475: construct<CdnLoader, const std::__cxx11::basic_string<char, std::char_traits<char>, std::allocator<char> >&> (alloc_traits.h:516)
==2070523==    by 0x1BA475: _Sp_counted_ptr_inplace<const std::__cxx11::basic_string<char, std::char_traits<char>, std::allocator<char> >&> (shared_ptr_base.h:519)
==2070523==    by 0x1BA475: __shared_count<CdnLoader, std::allocator<CdnLoader>, const std::__cxx11::basic_string<char, std::char_traits<char>, std::allocator<char> >&> (shared_ptr_base.h:650)
==2070523==    by 0x1BA475: __shared_ptr<std::allocator<CdnLoader>, const std::__cxx11::basic_string<char, std::char_traits<char>, std::allocator<char> >&> (shared_ptr_base.h:1342)
==2070523==    by 0x1BA475: shared_ptr<std::allocator<CdnLoader>, const std::__cxx11::basic_string<char, std::char_traits<char>, std::allocator<char> >&> (shared_ptr.h:409)
==2070523==    by 0x1BA475: allocate_shared<CdnLoader, std::allocator<CdnLoader>, const std::__cxx11::basic_string<char, std::char_traits<char>, std::allocator<char> >&> (shared_ptr.h:863)
==2070523==    by 0x1BA475: make_shared<CdnLoader, const std::__cxx11::basic_string<char, std::char_traits<char>, std::allocator<char> >&> (shared_ptr.h:879)
==2070523==    by 0x1BA475: CdnBuildData::CdnBuildData(std::__cxx11::basic_string<char, std::char_traits<char>, std::allocator<char> > const&) (main.cpp:249)
==2070523==    by 0x116984: main (main.cpp:322)
==2070523== 
==2070523== Invalid write of size 4
==2070523==    at 0x13D5FD: operator= (image.h:38)
==2070523==    by 0x13D5FD: _dds::LoadDXT5::decode(int, int, unsigned char const*) (imagedds.cpp:294)
==2070523==    by 0x13DC30: ImageBase<Color::ColorType<unsigned int, 8, 16, 8, 8, 8, 0, 8, 24> > _dds::LoadProxy<_dds::LoadDXT5>(File, _dds::DDS_HEADER const&) (imagedds.cpp:495)
==2070523==    by 0x13C56D: ImagePrivate::imReadDDS(ImageBase<Color::ColorType<unsigned int, 8, 16, 8, 8, 8, 0, 8, 24> >&, File&) (imagedds.cpp:537)
==2070523==    by 0x13802F: ImagePrivate::imRead(File, ImageFormat::Type) (image.cpp:92)
==2070523==    by 0x1B36C9: ImageBase (image.h:620)
==2070523==    by 0x1B36C9: write_images(std::set<istring, std::less<istring>, std::allocator<istring> > const&, CompositeLoader&, bool) (main.cpp:96)
==2070523==    by 0x1B7CEA: BuildData::write_data(bool, bool) (main.cpp:169)
==2070523==    by 0x116996: main (main.cpp:326)
==2070523==  Address 0x787e4c8 is 8 bytes after a block of size 80 alloc'd
==2070523==    at 0x4849013: operator new(unsigned long) (in /usr/libexec/valgrind/vgpreload_memcheck-amd64-linux.so)
==2070523==    by 0x18B04C: allocate (new_allocator.h:127)
==2070523==    by 0x18B04C: allocate (alloc_traits.h:464)
==2070523==    by 0x18B04C: _M_get_node (stl_tree.h:561)
==2070523==    by 0x18B04C: _M_create_node<const std::piecewise_construct_t&, std::tuple<istring&&>, std::tuple<> > (stl_tree.h:611)
==2070523==    by 0x18B04C: _M_emplace_hint_unique<const std::piecewise_construct_t&, std::tuple<istring&&>, std::tuple<> > (stl_tree.h:2431)
==2070523==    by 0x18B04C: operator[] (stl_map.h:520)
==2070523==    by 0x18B04C: CdnLoader::CdnLoader(std::__cxx11::basic_string<char, std::char_traits<char>, std::allocator<char> > const&) (cdnloader.cpp:29)
==2070523==    by 0x1BA475: construct<CdnLoader, const std::__cxx11::basic_string<char, std::char_traits<char>, std::allocator<char> >&> (new_allocator.h:162)
==2070523==    by 0x1BA475: construct<CdnLoader, const std::__cxx11::basic_string<char, std::char_traits<char>, std::allocator<char> >&> (alloc_traits.h:516)
==2070523==    by 0x1BA475: _Sp_counted_ptr_inplace<const std::__cxx11::basic_string<char, std::char_traits<char>, std::allocator<char> >&> (shared_ptr_base.h:519)
==2070523==    by 0x1BA475: __shared_count<CdnLoader, std::allocator<CdnLoader>, const std::__cxx11::basic_string<char, std::char_traits<char>, std::allocator<char> >&> (shared_ptr_base.h:650)
==2070523==    by 0x1BA475: __shared_ptr<std::allocator<CdnLoader>, const std::__cxx11::basic_string<char, std::char_traits<char>, std::allocator<char> >&> (shared_ptr_base.h:1342)
==2070523==    by 0x1BA475: shared_ptr<std::allocator<CdnLoader>, const std::__cxx11::basic_string<char, std::char_traits<char>, std::allocator<char> >&> (shared_ptr.h:409)
==2070523==    by 0x1BA475: allocate_shared<CdnLoader, std::allocator<CdnLoader>, const std::__cxx11::basic_string<char, std::char_traits<char>, std::allocator<char> >&> (shared_ptr.h:863)
==2070523==    by 0x1BA475: make_shared<CdnLoader, const std::__cxx11::basic_string<char, std::char_traits<char>, std::allocator<char> >&> (shared_ptr.h:879)
==2070523==    by 0x1BA475: CdnBuildData::CdnBuildData(std::__cxx11::basic_string<char, std::char_traits<char>, std::allocator<char> > const&) (main.cpp:249)
==2070523==    by 0x116984: main (main.cpp:322)
==2070523== 
==2070523== Invalid write of size 4
==2070523==    at 0x13D529: operator= (image.h:124)
==2070523==    by 0x13D529: _dds::LoadDXT5::decode(int, int, unsigned char const*) (imagedds.cpp:289)
==2070523==    by 0x13DC30: ImageBase<Color::ColorType<unsigned int, 8, 16, 8, 8, 8, 0, 8, 24> > _dds::LoadProxy<_dds::LoadDXT5>(File, _dds::DDS_HEADER const&) (imagedds.cpp:495)
==2070523==    by 0x13C56D: ImagePrivate::imReadDDS(ImageBase<Color::ColorType<unsigned int, 8, 16, 8, 8, 8, 0, 8, 24> >&, File&) (imagedds.cpp:537)
==2070523==    by 0x13802F: ImagePrivate::imRead(File, ImageFormat::Type) (image.cpp:92)
==2070523==    by 0x1B36C9: ImageBase (image.h:620)
==2070523==    by 0x1B36C9: write_images(std::set<istring, std::less<istring>, std::allocator<istring> > const&, CompositeLoader&, bool) (main.cpp:96)
==2070523==    by 0x1B7CEA: BuildData::write_data(bool, bool) (main.cpp:169)
==2070523==    by 0x116996: main (main.cpp:326)
==2070523==  Address 0xa5854fc is 4 bytes before a block of size 64 alloc'd
==2070523==    at 0x4849013: operator new(unsigned long) (in /usr/libexec/valgrind/vgpreload_memcheck-amd64-linux.so)
==2070523==    by 0x1B7AC9: allocate (new_allocator.h:127)
==2070523==    by 0x1B7AC9: allocate (alloc_traits.h:464)
==2070523==    by 0x1B7AC9: _M_get_node (stl_tree.h:561)
==2070523==    by 0x1B7AC9: _M_create_node<istring> (stl_tree.h:611)
==2070523==    by 0x1B7AC9: operator()<istring> (stl_tree.h:529)
==2070523==    by 0x1B7AC9: _M_insert_<istring, std::_Rb_tree<istring, istring, std::_Identity<istring>, std::less<istring>, std::allocator<istring> >::_Alloc_node> (stl_tree.h:1784)
==2070523==    by 0x1B7AC9: std::pair<std::_Rb_tree_iterator<istring>, bool> std::_Rb_tree<istring, istring, std::_Identity<istring>, std::less<istring>, std::allocator<istring> >::_M_insert_unique<istring>(istring&&) (stl_tree.h:2129)
==2070523==    by 0x1BAC83: insert (stl_set.h:521)
==2070523==    by 0x1BAC83: CdnBuildData::CdnBuildData(std::__cxx11::basic_string<char, std::char_traits<char>, std::allocator<char> > const&) (main.cpp:267)
==2070523==    by 0x116984: main (main.cpp:322)
==2070523== 

valgrind: m_mallocfree.c:303 (get_bszB_as_is): Assertion 'bszB_lo == bszB_hi' failed.
valgrind: Heap block lo/hi size mismatch: lo = 752, hi = 0.
This is probably caused by your program erroneously writing past the
end of a heap block and corrupting heap metadata.  If you fix any
invalid writes reported by Memcheck, this assertion failure will
probably go away.  Please try that before reporting this as a bug.


host stacktrace:
==2070523==    at 0x5804284A: ??? (in /usr/libexec/valgrind/memcheck-amd64-linux)
==2070523==    by 0x58042977: ??? (in /usr/libexec/valgrind/memcheck-amd64-linux)
==2070523==    by 0x58042B1B: ??? (in /usr/libexec/valgrind/memcheck-amd64-linux)
==2070523==    by 0x5804D52A: ??? (in /usr/libexec/valgrind/memcheck-amd64-linux)
==2070523==    by 0x58004B7B: ??? (in /usr/libexec/valgrind/memcheck-amd64-linux)
==2070523==    by 0x5800505E: ??? (in /usr/libexec/valgrind/memcheck-amd64-linux)
==2070523==    by 0x58005254: ??? (in /usr/libexec/valgrind/memcheck-amd64-linux)
==2070523==    by 0x5809B7DC: ??? (in /usr/libexec/valgrind/memcheck-amd64-linux)
==2070523==    by 0x580E3F40: ??? (in /usr/libexec/valgrind/memcheck-amd64-linux)

sched status:
  running_tid=1

Thread 1: status = VgTs_Runnable (lwpid 2070523)
==2070523==    at 0x4849013: operator new(unsigned long) (in /usr/libexec/valgrind/vgpreload_memcheck-amd64-linux.so)
==2070523==    by 0x11E2CB: allocate (new_allocator.h:127)
==2070523==    by 0x11E2CB: allocate (alloc_traits.h:464)
==2070523==    by 0x11E2CB: _M_allocate (stl_vector.h:346)
==2070523==    by 0x11E2CB: std::vector<unsigned char, std::allocator<unsigned char> >::_M_default_append(unsigned long) (vector.tcc:635)
==2070523==    by 0x11E363: resize (stl_vector.h:940)
==2070523==    by 0x11E363: alloc (file.cpp:296)
==2070523==    by 0x11E363: MemoryBuffer::write(void const*, unsigned long) (file.cpp:282)
==2070523==    by 0x141A22: write (file.h:133)
==2070523==    by 0x141A22: ImagePrivate::_png::write_chunk(unsigned int, unsigned int, void const*, File&) (imagepng.cpp:75)
==2070523==    by 0x144064: ImagePrivate::imWritePNG(ImageBase<Color::ColorType<unsigned int, 8, 16, 8, 8, 8, 0, 8, 24> > const&, File&, int) (imagepng.cpp:323)
==2070523==    by 0x1B4049: write (image.h:631)
==2070523==    by 0x1B4049: write_images(std::set<istring, std::less<istring>, std::allocator<istring> > const&, CompositeLoader&, bool) (main.cpp:104)
==2070523==    by 0x1B7CEA: BuildData::write_data(bool, bool) (main.cpp:169)
==2070523==    by 0x116996: main (main.cpp:326)
client stack range: [0x1FFEFF7000 0x1FFF000FFF] client SP: 0x1FFEFFD970
valgrind stack range: [0x1003373000 0x1003472FFF] top usage: 18984 of 1048576


Note: see also the FAQ in the source distribution.
It contains workarounds to several common problems.
In particular, if Valgrind aborted or crashed after
identifying problems in your program, there's a good chance
that fixing those problems will prevent Valgrind aborting or
crashing, especially if it happened in m_mallocfree.c.

If that doesn't help, please report this bug to: www.valgrind.org

In the bug report, send all the above text, the valgrind
version, and what OS and version you are using.  Thanks.

