==2159203== Memcheck, a memory error detector
==2159203== Copyright (C) 2002-2017, and GNU GPL'd, by Julian Seward et al.
==2159203== Using Valgrind-3.18.1 and LibVEX; rerun with -h for copyright info
==2159203== Command: out/main
==2159203== Parent PID: 2043301
==2159203== 
==2159203== Warning: set address range perms: large range [0x59c87040, 0x159c87040) (undefined)
==2159203== Warning: set address range perms: large range [0x59c87028, 0x159c87058) (noaccess)
==2159203== Use of uninitialised value of size 8
==2159203==    at 0x16A969: deflate_slow (deflate.c:1757)
==2159203==    by 0x16B7EA: deflate (deflate.c:905)
==2159203==    by 0x176394: gzdeflate(unsigned char const*, unsigned int, unsigned char*, unsigned int*) (common.cpp:100)
==2159203==    by 0x143CE1: ImagePrivate::imWritePNG(ImageBase<Color::ColorType<unsigned int, 8, 16, 8, 8, 8, 0, 8, 24> > const&, File&, int) (imagepng.cpp:319)
==2159203==    by 0x1B4E07: write (image.h:631)
==2159203==    by 0x1B4E07: write_images(std::set<istring, std::less<istring>, std::allocator<istring> > const&, CompositeLoader&, bool) (main.cpp:104)
==2159203==    by 0x1B8AAA: BuildData::write_data(bool, bool) (main.cpp:169)
==2159203==    by 0x116876: main (main.cpp:326)
==2159203== 
==2159203== Use of uninitialised value of size 8
==2159203==    at 0x16A9FC: deflate_slow (deflate.c:1823)
==2159203==    by 0x16B7EA: deflate (deflate.c:905)
==2159203==    by 0x176394: gzdeflate(unsigned char const*, unsigned int, unsigned char*, unsigned int*) (common.cpp:100)
==2159203==    by 0x143CE1: ImagePrivate::imWritePNG(ImageBase<Color::ColorType<unsigned int, 8, 16, 8, 8, 8, 0, 8, 24> > const&, File&, int) (imagepng.cpp:319)
==2159203==    by 0x1B4E07: write (image.h:631)
==2159203==    by 0x1B4E07: write_images(std::set<istring, std::less<istring>, std::allocator<istring> > const&, CompositeLoader&, bool) (main.cpp:104)
==2159203==    by 0x1B8AAA: BuildData::write_data(bool, bool) (main.cpp:169)
==2159203==    by 0x116876: main (main.cpp:326)
==2159203== 
==2159203== Conditional jump or move depends on uninitialised value(s)
==2159203==    at 0x169B75: longest_match (deflate.c:1242)
==2159203==    by 0x16AD5B: deflate_slow (deflate.c:1771)
==2159203==    by 0x16B7EA: deflate (deflate.c:905)
==2159203==    by 0x176394: gzdeflate(unsigned char const*, unsigned int, unsigned char*, unsigned int*) (common.cpp:100)
==2159203==    by 0x143CE1: ImagePrivate::imWritePNG(ImageBase<Color::ColorType<unsigned int, 8, 16, 8, 8, 8, 0, 8, 24> > const&, File&, int) (imagepng.cpp:319)
==2159203==    by 0x1B4E07: write (image.h:631)
==2159203==    by 0x1B4E07: write_images(std::set<istring, std::less<istring>, std::allocator<istring> > const&, CompositeLoader&, bool) (main.cpp:104)
==2159203==    by 0x1B8AAA: BuildData::write_data(bool, bool) (main.cpp:169)
==2159203==    by 0x116876: main (main.cpp:326)
==2159203== 
==2159203== Conditional jump or move depends on uninitialised value(s)
==2159203==    at 0x169B7C: longest_match (deflate.c:1242)
==2159203==    by 0x16AD5B: deflate_slow (deflate.c:1771)
==2159203==    by 0x16B7EA: deflate (deflate.c:905)
==2159203==    by 0x176394: gzdeflate(unsigned char const*, unsigned int, unsigned char*, unsigned int*) (common.cpp:100)
==2159203==    by 0x143CE1: ImagePrivate::imWritePNG(ImageBase<Color::ColorType<unsigned int, 8, 16, 8, 8, 8, 0, 8, 24> > const&, File&, int) (imagepng.cpp:319)
==2159203==    by 0x1B4E07: write (image.h:631)
==2159203==    by 0x1B4E07: write_images(std::set<istring, std::less<istring>, std::allocator<istring> > const&, CompositeLoader&, bool) (main.cpp:104)
==2159203==    by 0x1B8AAA: BuildData::write_data(bool, bool) (main.cpp:169)
==2159203==    by 0x116876: main (main.cpp:326)
==2159203== 
==2159203== Conditional jump or move depends on uninitialised value(s)
==2159203==    at 0x169B86: longest_match (deflate.c:1243)
==2159203==    by 0x16AD5B: deflate_slow (deflate.c:1771)
==2159203==    by 0x16B7EA: deflate (deflate.c:905)
==2159203==    by 0x176394: gzdeflate(unsigned char const*, unsigned int, unsigned char*, unsigned int*) (common.cpp:100)
==2159203==    by 0x143CE1: ImagePrivate::imWritePNG(ImageBase<Color::ColorType<unsigned int, 8, 16, 8, 8, 8, 0, 8, 24> > const&, File&, int) (imagepng.cpp:319)
==2159203==    by 0x1B4E07: write (image.h:631)
==2159203==    by 0x1B4E07: write_images(std::set<istring, std::less<istring>, std::allocator<istring> > const&, CompositeLoader&, bool) (main.cpp:104)
==2159203==    by 0x1B8AAA: BuildData::write_data(bool, bool) (main.cpp:169)
==2159203==    by 0x116876: main (main.cpp:326)
==2159203== 
==2159203== Conditional jump or move depends on uninitialised value(s)
==2159203==    at 0x169B92: longest_match (deflate.c:1244)
==2159203==    by 0x16AD5B: deflate_slow (deflate.c:1771)
==2159203==    by 0x16B7EA: deflate (deflate.c:905)
==2159203==    by 0x176394: gzdeflate(unsigned char const*, unsigned int, unsigned char*, unsigned int*) (common.cpp:100)
==2159203==    by 0x143CE1: ImagePrivate::imWritePNG(ImageBase<Color::ColorType<unsigned int, 8, 16, 8, 8, 8, 0, 8, 24> > const&, File&, int) (imagepng.cpp:319)
==2159203==    by 0x1B4E07: write (image.h:631)
==2159203==    by 0x1B4E07: write_images(std::set<istring, std::less<istring>, std::allocator<istring> > const&, CompositeLoader&, bool) (main.cpp:104)
==2159203==    by 0x1B8AAA: BuildData::write_data(bool, bool) (main.cpp:169)
==2159203==    by 0x116876: main (main.cpp:326)
==2159203== 
==2159203== Use of uninitialised value of size 8
==2159203==    at 0x16ABDF: deflate_slow (deflate.c:1808)
==2159203==    by 0x16B7EA: deflate (deflate.c:905)
==2159203==    by 0x176394: gzdeflate(unsigned char const*, unsigned int, unsigned char*, unsigned int*) (common.cpp:100)
==2159203==    by 0x143CE1: ImagePrivate::imWritePNG(ImageBase<Color::ColorType<unsigned int, 8, 16, 8, 8, 8, 0, 8, 24> > const&, File&, int) (imagepng.cpp:319)
==2159203==    by 0x1B4E07: write (image.h:631)
==2159203==    by 0x1B4E07: write_images(std::set<istring, std::less<istring>, std::allocator<istring> > const&, CompositeLoader&, bool) (main.cpp:104)
==2159203==    by 0x1B8AAA: BuildData::write_data(bool, bool) (main.cpp:169)
==2159203==    by 0x116876: main (main.cpp:326)
==2159203== 
==2159203== Conditional jump or move depends on uninitialised value(s)
==2159203==    at 0x169BAF: longest_match (deflate.c:1260)
==2159203==    by 0x16AD5B: deflate_slow (deflate.c:1771)
==2159203==    by 0x16B7EA: deflate (deflate.c:905)
==2159203==    by 0x176394: gzdeflate(unsigned char const*, unsigned int, unsigned char*, unsigned int*) (common.cpp:100)
==2159203==    by 0x143CE1: ImagePrivate::imWritePNG(ImageBase<Color::ColorType<unsigned int, 8, 16, 8, 8, 8, 0, 8, 24> > const&, File&, int) (imagepng.cpp:319)
==2159203==    by 0x1B4E07: write (image.h:631)
==2159203==    by 0x1B4E07: write_images(std::set<istring, std::less<istring>, std::allocator<istring> > const&, CompositeLoader&, bool) (main.cpp:104)
==2159203==    by 0x1B8AAA: BuildData::write_data(bool, bool) (main.cpp:169)
==2159203==    by 0x116876: main (main.cpp:326)
==2159203== 
==2159203== Conditional jump or move depends on uninitialised value(s)
==2159203==    at 0x169C11: longest_match (deflate.c:1263)
==2159203==    by 0x16AD5B: deflate_slow (deflate.c:1771)
==2159203==    by 0x16B7EA: deflate (deflate.c:905)
==2159203==    by 0x176394: gzdeflate(unsigned char const*, unsigned int, unsigned char*, unsigned int*) (common.cpp:100)
==2159203==    by 0x143CE1: ImagePrivate::imWritePNG(ImageBase<Color::ColorType<unsigned int, 8, 16, 8, 8, 8, 0, 8, 24> > const&, File&, int) (imagepng.cpp:319)
==2159203==    by 0x1B4E07: write (image.h:631)
==2159203==    by 0x1B4E07: write_images(std::set<istring, std::less<istring>, std::allocator<istring> > const&, CompositeLoader&, bool) (main.cpp:104)
==2159203==    by 0x1B8AAA: BuildData::write_data(bool, bool) (main.cpp:169)
==2159203==    by 0x116876: main (main.cpp:326)
==2159203== 
==2159203== Conditional jump or move depends on uninitialised value(s)
==2159203==    at 0x169BBC: longest_match (deflate.c:1260)
==2159203==    by 0x16AD5B: deflate_slow (deflate.c:1771)
==2159203==    by 0x16B7EA: deflate (deflate.c:905)
==2159203==    by 0x176394: gzdeflate(unsigned char const*, unsigned int, unsigned char*, unsigned int*) (common.cpp:100)
==2159203==    by 0x143CE1: ImagePrivate::imWritePNG(ImageBase<Color::ColorType<unsigned int, 8, 16, 8, 8, 8, 0, 8, 24> > const&, File&, int) (imagepng.cpp:319)
==2159203==    by 0x1B4E07: write (image.h:631)
==2159203==    by 0x1B4E07: write_images(std::set<istring, std::less<istring>, std::allocator<istring> > const&, CompositeLoader&, bool) (main.cpp:104)
==2159203==    by 0x1B8AAA: BuildData::write_data(bool, bool) (main.cpp:169)
==2159203==    by 0x116876: main (main.cpp:326)
==2159203== 
==2159203== Conditional jump or move depends on uninitialised value(s)
==2159203==    at 0x169BC9: longest_match (deflate.c:1261)
==2159203==    by 0x16AD5B: deflate_slow (deflate.c:1771)
==2159203==    by 0x16B7EA: deflate (deflate.c:905)
==2159203==    by 0x176394: gzdeflate(unsigned char const*, unsigned int, unsigned char*, unsigned int*) (common.cpp:100)
==2159203==    by 0x143CE1: ImagePrivate::imWritePNG(ImageBase<Color::ColorType<unsigned int, 8, 16, 8, 8, 8, 0, 8, 24> > const&, File&, int) (imagepng.cpp:319)
==2159203==    by 0x1B4E07: write (image.h:631)
==2159203==    by 0x1B4E07: write_images(std::set<istring, std::less<istring>, std::allocator<istring> > const&, CompositeLoader&, bool) (main.cpp:104)
==2159203==    by 0x1B8AAA: BuildData::write_data(bool, bool) (main.cpp:169)
==2159203==    by 0x116876: main (main.cpp:326)
==2159203== 
==2159203== Conditional jump or move depends on uninitialised value(s)
==2159203==    at 0x169BE3: longest_match (deflate.c:1262)
==2159203==    by 0x16AD5B: deflate_slow (deflate.c:1771)
==2159203==    by 0x16B7EA: deflate (deflate.c:905)
==2159203==    by 0x176394: gzdeflate(unsigned char const*, unsigned int, unsigned char*, unsigned int*) (common.cpp:100)
==2159203==    by 0x143CE1: ImagePrivate::imWritePNG(ImageBase<Color::ColorType<unsigned int, 8, 16, 8, 8, 8, 0, 8, 24> > const&, File&, int) (imagepng.cpp:319)
==2159203==    by 0x1B4E07: write (image.h:631)
==2159203==    by 0x1B4E07: write_images(std::set<istring, std::less<istring>, std::allocator<istring> > const&, CompositeLoader&, bool) (main.cpp:104)
==2159203==    by 0x1B8AAA: BuildData::write_data(bool, bool) (main.cpp:169)
==2159203==    by 0x116876: main (main.cpp:326)
==2159203== 
==2159203== Use of uninitialised value of size 8
==2159203==    at 0x173D6C: compress_block (trees.c:1075)
==2159203==    by 0x175679: _tr_flush_block (trees.c:984)
==2159203==    by 0x16AC41: deflate_slow (deflate.c:1815)
==2159203==    by 0x16B7EA: deflate (deflate.c:905)
==2159203==    by 0x176394: gzdeflate(unsigned char const*, unsigned int, unsigned char*, unsigned int*) (common.cpp:100)
==2159203==    by 0x143CE1: ImagePrivate::imWritePNG(ImageBase<Color::ColorType<unsigned int, 8, 16, 8, 8, 8, 0, 8, 24> > const&, File&, int) (imagepng.cpp:319)
==2159203==    by 0x1B4E07: write (image.h:631)
==2159203==    by 0x1B4E07: write_images(std::set<istring, std::less<istring>, std::allocator<istring> > const&, CompositeLoader&, bool) (main.cpp:104)
==2159203==    by 0x1B8AAA: BuildData::write_data(bool, bool) (main.cpp:169)
==2159203==    by 0x116876: main (main.cpp:326)
==2159203== 
==2159203== Use of uninitialised value of size 8
==2159203==    at 0x1423E7: update_crc (imagepng.cpp:49)
==2159203==    by 0x1423E7: ImagePrivate::_png::write_chunk(unsigned int, unsigned int, void const*, File&) (imagepng.cpp:77)
==2159203==    by 0x144834: ImagePrivate::imWritePNG(ImageBase<Color::ColorType<unsigned int, 8, 16, 8, 8, 8, 0, 8, 24> > const&, File&, int) (imagepng.cpp:323)
==2159203==    by 0x1B4E07: write (image.h:631)
==2159203==    by 0x1B4E07: write_images(std::set<istring, std::less<istring>, std::allocator<istring> > const&, CompositeLoader&, bool) (main.cpp:104)
==2159203==    by 0x1B8AAA: BuildData::write_data(bool, bool) (main.cpp:169)
==2159203==    by 0x116876: main (main.cpp:326)
==2159203== 
==2159203== Conditional jump or move depends on uninitialised value(s)
==2159203==    at 0x169BD6: longest_match (deflate.c:1261)
==2159203==    by 0x16AD5B: deflate_slow (deflate.c:1771)
==2159203==    by 0x16B7EA: deflate (deflate.c:905)
==2159203==    by 0x176394: gzdeflate(unsigned char const*, unsigned int, unsigned char*, unsigned int*) (common.cpp:100)
==2159203==    by 0x143CE1: ImagePrivate::imWritePNG(ImageBase<Color::ColorType<unsigned int, 8, 16, 8, 8, 8, 0, 8, 24> > const&, File&, int) (imagepng.cpp:319)
==2159203==    by 0x1B4E07: write (image.h:631)
==2159203==    by 0x1B4E07: write_images(std::set<istring, std::less<istring>, std::allocator<istring> > const&, CompositeLoader&, bool) (main.cpp:104)
==2159203==    by 0x1B8AAA: BuildData::write_data(bool, bool) (main.cpp:169)
==2159203==    by 0x116876: main (main.cpp:326)
==2159203== 
==2159203== Conditional jump or move depends on uninitialised value(s)
==2159203==    at 0x169BF0: longest_match (deflate.c:1262)
==2159203==    by 0x16AD5B: deflate_slow (deflate.c:1771)
==2159203==    by 0x16B7EA: deflate (deflate.c:905)
==2159203==    by 0x176394: gzdeflate(unsigned char const*, unsigned int, unsigned char*, unsigned int*) (common.cpp:100)
==2159203==    by 0x143CE1: ImagePrivate::imWritePNG(ImageBase<Color::ColorType<unsigned int, 8, 16, 8, 8, 8, 0, 8, 24> > const&, File&, int) (imagepng.cpp:319)
==2159203==    by 0x1B4E07: write (image.h:631)
==2159203==    by 0x1B4E07: write_images(std::set<istring, std::less<istring>, std::allocator<istring> > const&, CompositeLoader&, bool) (main.cpp:104)
==2159203==    by 0x1B8AAA: BuildData::write_data(bool, bool) (main.cpp:169)
==2159203==    by 0x116876: main (main.cpp:326)
==2159203== 
==2159203== Use of uninitialised value of size 8
==2159203==    at 0x173D6C: compress_block (trees.c:1075)
==2159203==    by 0x175679: _tr_flush_block (trees.c:984)
==2159203==    by 0x16ACDE: deflate_slow (deflate.c:1825)
==2159203==    by 0x16B7EA: deflate (deflate.c:905)
==2159203==    by 0x176394: gzdeflate(unsigned char const*, unsigned int, unsigned char*, unsigned int*) (common.cpp:100)
==2159203==    by 0x143CE1: ImagePrivate::imWritePNG(ImageBase<Color::ColorType<unsigned int, 8, 16, 8, 8, 8, 0, 8, 24> > const&, File&, int) (imagepng.cpp:319)
==2159203==    by 0x1B4E07: write (image.h:631)
==2159203==    by 0x1B4E07: write_images(std::set<istring, std::less<istring>, std::allocator<istring> > const&, CompositeLoader&, bool) (main.cpp:104)
==2159203==    by 0x1B8AAA: BuildData::write_data(bool, bool) (main.cpp:169)
==2159203==    by 0x116876: main (main.cpp:326)
==2159203== 
==2159203== Conditional jump or move depends on uninitialised value(s)
==2159203==    at 0x169C08: longest_match (deflate.c:1263)
==2159203==    by 0x16AD5B: deflate_slow (deflate.c:1771)
==2159203==    by 0x16B7EA: deflate (deflate.c:905)
==2159203==    by 0x176394: gzdeflate(unsigned char const*, unsigned int, unsigned char*, unsigned int*) (common.cpp:100)
==2159203==    by 0x143CE1: ImagePrivate::imWritePNG(ImageBase<Color::ColorType<unsigned int, 8, 16, 8, 8, 8, 0, 8, 24> > const&, File&, int) (imagepng.cpp:319)
==2159203==    by 0x1B4E07: write (image.h:631)
==2159203==    by 0x1B4E07: write_images(std::set<istring, std::less<istring>, std::allocator<istring> > const&, CompositeLoader&, bool) (main.cpp:104)
==2159203==    by 0x1B8AAA: BuildData::write_data(bool, bool) (main.cpp:169)
==2159203==    by 0x116876: main (main.cpp:326)
==2159203== 
==2159203== Use of uninitialised value of size 8
==2159203==    at 0x173D6C: compress_block (trees.c:1075)
==2159203==    by 0x175679: _tr_flush_block (trees.c:984)
==2159203==    by 0x16AF49: deflate_slow (deflate.c:1847)
==2159203==    by 0x16B7EA: deflate (deflate.c:905)
==2159203==    by 0x176394: gzdeflate(unsigned char const*, unsigned int, unsigned char*, unsigned int*) (common.cpp:100)
==2159203==    by 0x143CE1: ImagePrivate::imWritePNG(ImageBase<Color::ColorType<unsigned int, 8, 16, 8, 8, 8, 0, 8, 24> > const&, File&, int) (imagepng.cpp:319)
==2159203==    by 0x1B4E07: write (image.h:631)
==2159203==    by 0x1B4E07: write_images(std::set<istring, std::less<istring>, std::allocator<istring> > const&, CompositeLoader&, bool) (main.cpp:104)
==2159203==    by 0x1B8AAA: BuildData::write_data(bool, bool) (main.cpp:169)
==2159203==    by 0x116876: main (main.cpp:326)
==2159203== 
==2159203== Conditional jump or move depends on uninitialised value(s)
==2159203==    at 0x169C03: longest_match (deflate.c:1263)
==2159203==    by 0x16AD5B: deflate_slow (deflate.c:1771)
==2159203==    by 0x16B7EA: deflate (deflate.c:905)
==2159203==    by 0x176394: gzdeflate(unsigned char const*, unsigned int, unsigned char*, unsigned int*) (common.cpp:100)
==2159203==    by 0x143CE1: ImagePrivate::imWritePNG(ImageBase<Color::ColorType<unsigned int, 8, 16, 8, 8, 8, 0, 8, 24> > const&, File&, int) (imagepng.cpp:319)
==2159203==    by 0x1B4E07: write (image.h:631)
==2159203==    by 0x1B4E07: write_images(std::set<istring, std::less<istring>, std::allocator<istring> > const&, CompositeLoader&, bool) (main.cpp:104)
==2159203==    by 0x1B8AAA: BuildData::write_data(bool, bool) (main.cpp:169)
==2159203==    by 0x116876: main (main.cpp:326)
==2159203== 
==2159203== Use of uninitialised value of size 8
==2159203==    at 0x173D6C: compress_block (trees.c:1075)
==2159203==    by 0x1757C1: _tr_flush_block (trees.c:975)
==2159203==    by 0x16AF49: deflate_slow (deflate.c:1847)
==2159203==    by 0x16B7EA: deflate (deflate.c:905)
==2159203==    by 0x176394: gzdeflate(unsigned char const*, unsigned int, unsigned char*, unsigned int*) (common.cpp:100)
==2159203==    by 0x143CE1: ImagePrivate::imWritePNG(ImageBase<Color::ColorType<unsigned int, 8, 16, 8, 8, 8, 0, 8, 24> > const&, File&, int) (imagepng.cpp:319)
==2159203==    by 0x1B4E07: write (image.h:631)
==2159203==    by 0x1B4E07: write_images(std::set<istring, std::less<istring>, std::allocator<istring> > const&, CompositeLoader&, bool) (main.cpp:104)
==2159203==    by 0x1B8AAA: BuildData::write_data(bool, bool) (main.cpp:169)
==2159203==    by 0x116876: main (main.cpp:326)
==2159203== 
==2159203== Invalid write of size 4
==2159203==    at 0x13E076: operator= (image.h:124)
==2159203==    by 0x13E076: _dds::LoadDXT5::decode(int, int, unsigned char const*) (imagedds.cpp:289)
==2159203==    by 0x13EA60: ImageBase<Color::ColorType<unsigned int, 8, 16, 8, 8, 8, 0, 8, 24> > _dds::LoadProxy<_dds::LoadDXT5>(File, _dds::DDS_HEADER const&) (imagedds.cpp:491)
==2159203==    by 0x13CB9F: ImagePrivate::imReadDDS(ImageBase<Color::ColorType<unsigned int, 8, 16, 8, 8, 8, 0, 8, 24> >&, File&) (imagedds.cpp:533)
==2159203==    by 0x137F0F: ImagePrivate::imRead(File, ImageFormat::Type) (image.cpp:92)
==2159203==    by 0x1B4396: ImageBase (image.h:620)
==2159203==    by 0x1B4396: write_images(std::set<istring, std::less<istring>, std::allocator<istring> > const&, CompositeLoader&, bool) (main.cpp:96)
==2159203==    by 0x1B8AAA: BuildData::write_data(bool, bool) (main.cpp:169)
==2159203==    by 0x116876: main (main.cpp:326)
==2159203==  Address 0x7836d54 is 0 bytes after a block of size 676 alloc'd
==2159203==    at 0x484A2F3: operator new[](unsigned long) (in /usr/libexec/valgrind/vgpreload_memcheck-amd64-linux.so)
==2159203==    by 0x13DC78: Data (image.h:519)
==2159203==    by 0x13DC78: make_unique<ImageBase<Color::ColorType<unsigned int, 8, 16, 8, 8, 8, 0, 8, 24> >::Data, int&, int&> (unique_ptr.h:962)
==2159203==    by 0x13DC78: ImageBase (image.h:410)
==2159203==    by 0x13DC78: _dds::LoadDXT5::decode(int, int, unsigned char const*) (imagedds.cpp:253)
==2159203==    by 0x13EA60: ImageBase<Color::ColorType<unsigned int, 8, 16, 8, 8, 8, 0, 8, 24> > _dds::LoadProxy<_dds::LoadDXT5>(File, _dds::DDS_HEADER const&) (imagedds.cpp:491)
==2159203==    by 0x13CB9F: ImagePrivate::imReadDDS(ImageBase<Color::ColorType<unsigned int, 8, 16, 8, 8, 8, 0, 8, 24> >&, File&) (imagedds.cpp:533)
==2159203==    by 0x137F0F: ImagePrivate::imRead(File, ImageFormat::Type) (image.cpp:92)
==2159203==    by 0x1B4396: ImageBase (image.h:620)
==2159203==    by 0x1B4396: write_images(std::set<istring, std::less<istring>, std::allocator<istring> > const&, CompositeLoader&, bool) (main.cpp:96)
==2159203==    by 0x1B8AAA: BuildData::write_data(bool, bool) (main.cpp:169)
==2159203==    by 0x116876: main (main.cpp:326)
==2159203== 
==2159203== Invalid write of size 8
==2159203==    at 0x13E0B8: operator= (image.h:38)
==2159203==    by 0x13E0B8: _dds::LoadDXT5::decode(int, int, unsigned char const*) (imagedds.cpp:290)
==2159203==    by 0x13EA60: ImageBase<Color::ColorType<unsigned int, 8, 16, 8, 8, 8, 0, 8, 24> > _dds::LoadProxy<_dds::LoadDXT5>(File, _dds::DDS_HEADER const&) (imagedds.cpp:491)
==2159203==    by 0x13CB9F: ImagePrivate::imReadDDS(ImageBase<Color::ColorType<unsigned int, 8, 16, 8, 8, 8, 0, 8, 24> >&, File&) (imagedds.cpp:533)
==2159203==    by 0x137F0F: ImagePrivate::imRead(File, ImageFormat::Type) (image.cpp:92)
==2159203==    by 0x1B4396: ImageBase (image.h:620)
==2159203==    by 0x1B4396: write_images(std::set<istring, std::less<istring>, std::allocator<istring> > const&, CompositeLoader&, bool) (main.cpp:96)
==2159203==    by 0x1B8AAA: BuildData::write_data(bool, bool) (main.cpp:169)
==2159203==    by 0x116876: main (main.cpp:326)
==2159203==  Address 0x7836d54 is 0 bytes after a block of size 676 alloc'd
==2159203==    at 0x484A2F3: operator new[](unsigned long) (in /usr/libexec/valgrind/vgpreload_memcheck-amd64-linux.so)
==2159203==    by 0x13DC78: Data (image.h:519)
==2159203==    by 0x13DC78: make_unique<ImageBase<Color::ColorType<unsigned int, 8, 16, 8, 8, 8, 0, 8, 24> >::Data, int&, int&> (unique_ptr.h:962)
==2159203==    by 0x13DC78: ImageBase (image.h:410)
==2159203==    by 0x13DC78: _dds::LoadDXT5::decode(int, int, unsigned char const*) (imagedds.cpp:253)
==2159203==    by 0x13EA60: ImageBase<Color::ColorType<unsigned int, 8, 16, 8, 8, 8, 0, 8, 24> > _dds::LoadProxy<_dds::LoadDXT5>(File, _dds::DDS_HEADER const&) (imagedds.cpp:491)
==2159203==    by 0x13CB9F: ImagePrivate::imReadDDS(ImageBase<Color::ColorType<unsigned int, 8, 16, 8, 8, 8, 0, 8, 24> >&, File&) (imagedds.cpp:533)
==2159203==    by 0x137F0F: ImagePrivate::imRead(File, ImageFormat::Type) (image.cpp:92)
==2159203==    by 0x1B4396: ImageBase (image.h:620)
==2159203==    by 0x1B4396: write_images(std::set<istring, std::less<istring>, std::allocator<istring> > const&, CompositeLoader&, bool) (main.cpp:96)
==2159203==    by 0x1B8AAA: BuildData::write_data(bool, bool) (main.cpp:169)
==2159203==    by 0x116876: main (main.cpp:326)
==2159203== 
==2159203== Invalid write of size 8
==2159203==    at 0x13E0FD: operator= (image.h:38)
==2159203==    by 0x13E0FD: _dds::LoadDXT5::decode(int, int, unsigned char const*) (imagedds.cpp:290)
==2159203==    by 0x13EA60: ImageBase<Color::ColorType<unsigned int, 8, 16, 8, 8, 8, 0, 8, 24> > _dds::LoadProxy<_dds::LoadDXT5>(File, _dds::DDS_HEADER const&) (imagedds.cpp:491)
==2159203==    by 0x13CB9F: ImagePrivate::imReadDDS(ImageBase<Color::ColorType<unsigned int, 8, 16, 8, 8, 8, 0, 8, 24> >&, File&) (imagedds.cpp:533)
==2159203==    by 0x137F0F: ImagePrivate::imRead(File, ImageFormat::Type) (image.cpp:92)
==2159203==    by 0x1B4396: ImageBase (image.h:620)
==2159203==    by 0x1B4396: write_images(std::set<istring, std::less<istring>, std::allocator<istring> > const&, CompositeLoader&, bool) (main.cpp:96)
==2159203==    by 0x1B8AAA: BuildData::write_data(bool, bool) (main.cpp:169)
==2159203==    by 0x116876: main (main.cpp:326)
==2159203==  Address 0x7836d58 is 4 bytes after a block of size 676 alloc'd
==2159203==    at 0x484A2F3: operator new[](unsigned long) (in /usr/libexec/valgrind/vgpreload_memcheck-amd64-linux.so)
==2159203==    by 0x13DC78: Data (image.h:519)
==2159203==    by 0x13DC78: make_unique<ImageBase<Color::ColorType<unsigned int, 8, 16, 8, 8, 8, 0, 8, 24> >::Data, int&, int&> (unique_ptr.h:962)
==2159203==    by 0x13DC78: ImageBase (image.h:410)
==2159203==    by 0x13DC78: _dds::LoadDXT5::decode(int, int, unsigned char const*) (imagedds.cpp:253)
==2159203==    by 0x13EA60: ImageBase<Color::ColorType<unsigned int, 8, 16, 8, 8, 8, 0, 8, 24> > _dds::LoadProxy<_dds::LoadDXT5>(File, _dds::DDS_HEADER const&) (imagedds.cpp:491)
==2159203==    by 0x13CB9F: ImagePrivate::imReadDDS(ImageBase<Color::ColorType<unsigned int, 8, 16, 8, 8, 8, 0, 8, 24> >&, File&) (imagedds.cpp:533)
==2159203==    by 0x137F0F: ImagePrivate::imRead(File, ImageFormat::Type) (image.cpp:92)
==2159203==    by 0x1B4396: ImageBase (image.h:620)
==2159203==    by 0x1B4396: write_images(std::set<istring, std::less<istring>, std::allocator<istring> > const&, CompositeLoader&, bool) (main.cpp:96)
==2159203==    by 0x1B8AAA: BuildData::write_data(bool, bool) (main.cpp:169)
==2159203==    by 0x116876: main (main.cpp:326)
==2159203== 
==2159203== Invalid write of size 8
==2159203==    at 0x13E141: operator= (image.h:38)
==2159203==    by 0x13E141: _dds::LoadDXT5::decode(int, int, unsigned char const*) (imagedds.cpp:290)
==2159203==    by 0x13EA60: ImageBase<Color::ColorType<unsigned int, 8, 16, 8, 8, 8, 0, 8, 24> > _dds::LoadProxy<_dds::LoadDXT5>(File, _dds::DDS_HEADER const&) (imagedds.cpp:491)
==2159203==    by 0x13CB9F: ImagePrivate::imReadDDS(ImageBase<Color::ColorType<unsigned int, 8, 16, 8, 8, 8, 0, 8, 24> >&, File&) (imagedds.cpp:533)
==2159203==    by 0x137F0F: ImagePrivate::imRead(File, ImageFormat::Type) (image.cpp:92)
==2159203==    by 0x1B4396: ImageBase (image.h:620)
==2159203==    by 0x1B4396: write_images(std::set<istring, std::less<istring>, std::allocator<istring> > const&, CompositeLoader&, bool) (main.cpp:96)
==2159203==    by 0x1B8AAA: BuildData::write_data(bool, bool) (main.cpp:169)
==2159203==    by 0x116876: main (main.cpp:326)
==2159203==  Address 0x7836d5c is 8 bytes after a block of size 676 alloc'd
==2159203==    at 0x484A2F3: operator new[](unsigned long) (in /usr/libexec/valgrind/vgpreload_memcheck-amd64-linux.so)
==2159203==    by 0x13DC78: Data (image.h:519)
==2159203==    by 0x13DC78: make_unique<ImageBase<Color::ColorType<unsigned int, 8, 16, 8, 8, 8, 0, 8, 24> >::Data, int&, int&> (unique_ptr.h:962)
==2159203==    by 0x13DC78: ImageBase (image.h:410)
==2159203==    by 0x13DC78: _dds::LoadDXT5::decode(int, int, unsigned char const*) (imagedds.cpp:253)
==2159203==    by 0x13EA60: ImageBase<Color::ColorType<unsigned int, 8, 16, 8, 8, 8, 0, 8, 24> > _dds::LoadProxy<_dds::LoadDXT5>(File, _dds::DDS_HEADER const&) (imagedds.cpp:491)
==2159203==    by 0x13CB9F: ImagePrivate::imReadDDS(ImageBase<Color::ColorType<unsigned int, 8, 16, 8, 8, 8, 0, 8, 24> >&, File&) (imagedds.cpp:533)
==2159203==    by 0x137F0F: ImagePrivate::imRead(File, ImageFormat::Type) (image.cpp:92)
==2159203==    by 0x1B4396: ImageBase (image.h:620)
==2159203==    by 0x1B4396: write_images(std::set<istring, std::less<istring>, std::allocator<istring> > const&, CompositeLoader&, bool) (main.cpp:96)
==2159203==    by 0x1B8AAA: BuildData::write_data(bool, bool) (main.cpp:169)
==2159203==    by 0x116876: main (main.cpp:326)
==2159203== 
==2159203== Invalid write of size 4
==2159203==    at 0x13E160: operator= (image.h:38)
==2159203==    by 0x13E160: _dds::LoadDXT5::decode(int, int, unsigned char const*) (imagedds.cpp:290)
==2159203==    by 0x13EA60: ImageBase<Color::ColorType<unsigned int, 8, 16, 8, 8, 8, 0, 8, 24> > _dds::LoadProxy<_dds::LoadDXT5>(File, _dds::DDS_HEADER const&) (imagedds.cpp:491)
==2159203==    by 0x13CB9F: ImagePrivate::imReadDDS(ImageBase<Color::ColorType<unsigned int, 8, 16, 8, 8, 8, 0, 8, 24> >&, File&) (imagedds.cpp:533)
==2159203==    by 0x137F0F: ImagePrivate::imRead(File, ImageFormat::Type) (image.cpp:92)
==2159203==    by 0x1B4396: ImageBase (image.h:620)
==2159203==    by 0x1B4396: write_images(std::set<istring, std::less<istring>, std::allocator<istring> > const&, CompositeLoader&, bool) (main.cpp:96)
==2159203==    by 0x1B8AAA: BuildData::write_data(bool, bool) (main.cpp:169)
==2159203==    by 0x116876: main (main.cpp:326)
==2159203==  Address 0x7836d60 is 12 bytes after a block of size 676 alloc'd
==2159203==    at 0x484A2F3: operator new[](unsigned long) (in /usr/libexec/valgrind/vgpreload_memcheck-amd64-linux.so)
==2159203==    by 0x13DC78: Data (image.h:519)
==2159203==    by 0x13DC78: make_unique<ImageBase<Color::ColorType<unsigned int, 8, 16, 8, 8, 8, 0, 8, 24> >::Data, int&, int&> (unique_ptr.h:962)
==2159203==    by 0x13DC78: ImageBase (image.h:410)
==2159203==    by 0x13DC78: _dds::LoadDXT5::decode(int, int, unsigned char const*) (imagedds.cpp:253)
==2159203==    by 0x13EA60: ImageBase<Color::ColorType<unsigned int, 8, 16, 8, 8, 8, 0, 8, 24> > _dds::LoadProxy<_dds::LoadDXT5>(File, _dds::DDS_HEADER const&) (imagedds.cpp:491)
==2159203==    by 0x13CB9F: ImagePrivate::imReadDDS(ImageBase<Color::ColorType<unsigned int, 8, 16, 8, 8, 8, 0, 8, 24> >&, File&) (imagedds.cpp:533)
==2159203==    by 0x137F0F: ImagePrivate::imRead(File, ImageFormat::Type) (image.cpp:92)
==2159203==    by 0x1B4396: ImageBase (image.h:620)
==2159203==    by 0x1B4396: write_images(std::set<istring, std::less<istring>, std::allocator<istring> > const&, CompositeLoader&, bool) (main.cpp:96)
==2159203==    by 0x1B8AAA: BuildData::write_data(bool, bool) (main.cpp:169)
==2159203==    by 0x116876: main (main.cpp:326)
==2159203== 
==2159203== Invalid write of size 4
==2159203==    at 0x13E185: operator= (image.h:124)
==2159203==    by 0x13E185: _dds::LoadDXT5::decode(int, int, unsigned char const*) (imagedds.cpp:289)
==2159203==    by 0x13EA60: ImageBase<Color::ColorType<unsigned int, 8, 16, 8, 8, 8, 0, 8, 24> > _dds::LoadProxy<_dds::LoadDXT5>(File, _dds::DDS_HEADER const&) (imagedds.cpp:491)
==2159203==    by 0x13CB9F: ImagePrivate::imReadDDS(ImageBase<Color::ColorType<unsigned int, 8, 16, 8, 8, 8, 0, 8, 24> >&, File&) (imagedds.cpp:533)
==2159203==    by 0x137F0F: ImagePrivate::imRead(File, ImageFormat::Type) (image.cpp:92)
==2159203==    by 0x1B4396: ImageBase (image.h:620)
==2159203==    by 0x1B4396: write_images(std::set<istring, std::less<istring>, std::allocator<istring> > const&, CompositeLoader&, bool) (main.cpp:96)
==2159203==    by 0x1B8AAA: BuildData::write_data(bool, bool) (main.cpp:169)
==2159203==    by 0x116876: main (main.cpp:326)
==2159203==  Address 0x7836d88 is 24 bytes before a block of size 80 alloc'd
==2159203==    at 0x4849013: operator new(unsigned long) (in /usr/libexec/valgrind/vgpreload_memcheck-amd64-linux.so)
==2159203==    by 0x18B9EC: allocate (new_allocator.h:127)
==2159203==    by 0x18B9EC: allocate (alloc_traits.h:464)
==2159203==    by 0x18B9EC: _M_get_node (stl_tree.h:561)
==2159203==    by 0x18B9EC: _M_create_node<const std::piecewise_construct_t&, std::tuple<istring&&>, std::tuple<> > (stl_tree.h:611)
==2159203==    by 0x18B9EC: _M_emplace_hint_unique<const std::piecewise_construct_t&, std::tuple<istring&&>, std::tuple<> > (stl_tree.h:2431)
==2159203==    by 0x18B9EC: operator[] (stl_map.h:520)
==2159203==    by 0x18B9EC: CdnLoader::CdnLoader(std::__cxx11::basic_string<char, std::char_traits<char>, std::allocator<char> > const&) (cdnloader.cpp:29)
==2159203==    by 0x1BB235: construct<CdnLoader, const std::__cxx11::basic_string<char, std::char_traits<char>, std::allocator<char> >&> (new_allocator.h:162)
==2159203==    by 0x1BB235: construct<CdnLoader, const std::__cxx11::basic_string<char, std::char_traits<char>, std::allocator<char> >&> (alloc_traits.h:516)
==2159203==    by 0x1BB235: _Sp_counted_ptr_inplace<const std::__cxx11::basic_string<char, std::char_traits<char>, std::allocator<char> >&> (shared_ptr_base.h:519)
==2159203==    by 0x1BB235: __shared_count<CdnLoader, std::allocator<CdnLoader>, const std::__cxx11::basic_string<char, std::char_traits<char>, std::allocator<char> >&> (shared_ptr_base.h:650)
==2159203==    by 0x1BB235: __shared_ptr<std::allocator<CdnLoader>, const std::__cxx11::basic_string<char, std::char_traits<char>, std::allocator<char> >&> (shared_ptr_base.h:1342)
==2159203==    by 0x1BB235: shared_ptr<std::allocator<CdnLoader>, const std::__cxx11::basic_string<char, std::char_traits<char>, std::allocator<char> >&> (shared_ptr.h:409)
==2159203==    by 0x1BB235: allocate_shared<CdnLoader, std::allocator<CdnLoader>, const std::__cxx11::basic_string<char, std::char_traits<char>, std::allocator<char> >&> (shared_ptr.h:863)
==2159203==    by 0x1BB235: make_shared<CdnLoader, const std::__cxx11::basic_string<char, std::char_traits<char>, std::allocator<char> >&> (shared_ptr.h:879)
==2159203==    by 0x1BB235: CdnBuildData::CdnBuildData(std::__cxx11::basic_string<char, std::char_traits<char>, std::allocator<char> > const&) (main.cpp:249)
==2159203==    by 0x116864: main (main.cpp:322)
==2159203== 
==2159203== Invalid write of size 8
==2159203==    at 0x13E1C7: operator= (image.h:38)
==2159203==    by 0x13E1C7: _dds::LoadDXT5::decode(int, int, unsigned char const*) (imagedds.cpp:290)
==2159203==    by 0x13EA60: ImageBase<Color::ColorType<unsigned int, 8, 16, 8, 8, 8, 0, 8, 24> > _dds::LoadProxy<_dds::LoadDXT5>(File, _dds::DDS_HEADER const&) (imagedds.cpp:491)
==2159203==    by 0x13CB9F: ImagePrivate::imReadDDS(ImageBase<Color::ColorType<unsigned int, 8, 16, 8, 8, 8, 0, 8, 24> >&, File&) (imagedds.cpp:533)
==2159203==    by 0x137F0F: ImagePrivate::imRead(File, ImageFormat::Type) (image.cpp:92)
==2159203==    by 0x1B4396: ImageBase (image.h:620)
==2159203==    by 0x1B4396: write_images(std::set<istring, std::less<istring>, std::allocator<istring> > const&, CompositeLoader&, bool) (main.cpp:96)
==2159203==    by 0x1B8AAA: BuildData::write_data(bool, bool) (main.cpp:169)
==2159203==    by 0x116876: main (main.cpp:326)
==2159203==  Address 0x7836d88 is 24 bytes before a block of size 80 alloc'd
==2159203==    at 0x4849013: operator new(unsigned long) (in /usr/libexec/valgrind/vgpreload_memcheck-amd64-linux.so)
==2159203==    by 0x18B9EC: allocate (new_allocator.h:127)
==2159203==    by 0x18B9EC: allocate (alloc_traits.h:464)
==2159203==    by 0x18B9EC: _M_get_node (stl_tree.h:561)
==2159203==    by 0x18B9EC: _M_create_node<const std::piecewise_construct_t&, std::tuple<istring&&>, std::tuple<> > (stl_tree.h:611)
==2159203==    by 0x18B9EC: _M_emplace_hint_unique<const std::piecewise_construct_t&, std::tuple<istring&&>, std::tuple<> > (stl_tree.h:2431)
==2159203==    by 0x18B9EC: operator[] (stl_map.h:520)
==2159203==    by 0x18B9EC: CdnLoader::CdnLoader(std::__cxx11::basic_string<char, std::char_traits<char>, std::allocator<char> > const&) (cdnloader.cpp:29)
==2159203==    by 0x1BB235: construct<CdnLoader, const std::__cxx11::basic_string<char, std::char_traits<char>, std::allocator<char> >&> (new_allocator.h:162)
==2159203==    by 0x1BB235: construct<CdnLoader, const std::__cxx11::basic_string<char, std::char_traits<char>, std::allocator<char> >&> (alloc_traits.h:516)
==2159203==    by 0x1BB235: _Sp_counted_ptr_inplace<const std::__cxx11::basic_string<char, std::char_traits<char>, std::allocator<char> >&> (shared_ptr_base.h:519)
==2159203==    by 0x1BB235: __shared_count<CdnLoader, std::allocator<CdnLoader>, const std::__cxx11::basic_string<char, std::char_traits<char>, std::allocator<char> >&> (shared_ptr_base.h:650)
==2159203==    by 0x1BB235: __shared_ptr<std::allocator<CdnLoader>, const std::__cxx11::basic_string<char, std::char_traits<char>, std::allocator<char> >&> (shared_ptr_base.h:1342)
==2159203==    by 0x1BB235: shared_ptr<std::allocator<CdnLoader>, const std::__cxx11::basic_string<char, std::char_traits<char>, std::allocator<char> >&> (shared_ptr.h:409)
==2159203==    by 0x1BB235: allocate_shared<CdnLoader, std::allocator<CdnLoader>, const std::__cxx11::basic_string<char, std::char_traits<char>, std::allocator<char> >&> (shared_ptr.h:863)
==2159203==    by 0x1BB235: make_shared<CdnLoader, const std::__cxx11::basic_string<char, std::char_traits<char>, std::allocator<char> >&> (shared_ptr.h:879)
==2159203==    by 0x1BB235: CdnBuildData::CdnBuildData(std::__cxx11::basic_string<char, std::char_traits<char>, std::allocator<char> > const&) (main.cpp:249)
==2159203==    by 0x116864: main (main.cpp:322)
==2159203== 
==2159203== Invalid write of size 8
==2159203==    at 0x13E20C: operator= (image.h:38)
==2159203==    by 0x13E20C: _dds::LoadDXT5::decode(int, int, unsigned char const*) (imagedds.cpp:290)
==2159203==    by 0x13EA60: ImageBase<Color::ColorType<unsigned int, 8, 16, 8, 8, 8, 0, 8, 24> > _dds::LoadProxy<_dds::LoadDXT5>(File, _dds::DDS_HEADER const&) (imagedds.cpp:491)
==2159203==    by 0x13CB9F: ImagePrivate::imReadDDS(ImageBase<Color::ColorType<unsigned int, 8, 16, 8, 8, 8, 0, 8, 24> >&, File&) (imagedds.cpp:533)
==2159203==    by 0x137F0F: ImagePrivate::imRead(File, ImageFormat::Type) (image.cpp:92)
==2159203==    by 0x1B4396: ImageBase (image.h:620)
==2159203==    by 0x1B4396: write_images(std::set<istring, std::less<istring>, std::allocator<istring> > const&, CompositeLoader&, bool) (main.cpp:96)
==2159203==    by 0x1B8AAA: BuildData::write_data(bool, bool) (main.cpp:169)
==2159203==    by 0x116876: main (main.cpp:326)
==2159203==  Address 0x7836d8c is 20 bytes before a block of size 80 alloc'd
==2159203==    at 0x4849013: operator new(unsigned long) (in /usr/libexec/valgrind/vgpreload_memcheck-amd64-linux.so)
==2159203==    by 0x18B9EC: allocate (new_allocator.h:127)
==2159203==    by 0x18B9EC: allocate (alloc_traits.h:464)
==2159203==    by 0x18B9EC: _M_get_node (stl_tree.h:561)
==2159203==    by 0x18B9EC: _M_create_node<const std::piecewise_construct_t&, std::tuple<istring&&>, std::tuple<> > (stl_tree.h:611)
==2159203==    by 0x18B9EC: _M_emplace_hint_unique<const std::piecewise_construct_t&, std::tuple<istring&&>, std::tuple<> > (stl_tree.h:2431)
==2159203==    by 0x18B9EC: operator[] (stl_map.h:520)
==2159203==    by 0x18B9EC: CdnLoader::CdnLoader(std::__cxx11::basic_string<char, std::char_traits<char>, std::allocator<char> > const&) (cdnloader.cpp:29)
==2159203==    by 0x1BB235: construct<CdnLoader, const std::__cxx11::basic_string<char, std::char_traits<char>, std::allocator<char> >&> (new_allocator.h:162)
==2159203==    by 0x1BB235: construct<CdnLoader, const std::__cxx11::basic_string<char, std::char_traits<char>, std::allocator<char> >&> (alloc_traits.h:516)
==2159203==    by 0x1BB235: _Sp_counted_ptr_inplace<const std::__cxx11::basic_string<char, std::char_traits<char>, std::allocator<char> >&> (shared_ptr_base.h:519)
==2159203==    by 0x1BB235: __shared_count<CdnLoader, std::allocator<CdnLoader>, const std::__cxx11::basic_string<char, std::char_traits<char>, std::allocator<char> >&> (shared_ptr_base.h:650)
==2159203==    by 0x1BB235: __shared_ptr<std::allocator<CdnLoader>, const std::__cxx11::basic_string<char, std::char_traits<char>, std::allocator<char> >&> (shared_ptr_base.h:1342)
==2159203==    by 0x1BB235: shared_ptr<std::allocator<CdnLoader>, const std::__cxx11::basic_string<char, std::char_traits<char>, std::allocator<char> >&> (shared_ptr.h:409)
==2159203==    by 0x1BB235: allocate_shared<CdnLoader, std::allocator<CdnLoader>, const std::__cxx11::basic_string<char, std::char_traits<char>, std::allocator<char> >&> (shared_ptr.h:863)
==2159203==    by 0x1BB235: make_shared<CdnLoader, const std::__cxx11::basic_string<char, std::char_traits<char>, std::allocator<char> >&> (shared_ptr.h:879)
==2159203==    by 0x1BB235: CdnBuildData::CdnBuildData(std::__cxx11::basic_string<char, std::char_traits<char>, std::allocator<char> > const&) (main.cpp:249)
==2159203==    by 0x116864: main (main.cpp:322)
==2159203== 
==2159203== Invalid write of size 8
==2159203==    at 0x13E250: operator= (image.h:38)
==2159203==    by 0x13E250: _dds::LoadDXT5::decode(int, int, unsigned char const*) (imagedds.cpp:290)
==2159203==    by 0x13EA60: ImageBase<Color::ColorType<unsigned int, 8, 16, 8, 8, 8, 0, 8, 24> > _dds::LoadProxy<_dds::LoadDXT5>(File, _dds::DDS_HEADER const&) (imagedds.cpp:491)
==2159203==    by 0x13CB9F: ImagePrivate::imReadDDS(ImageBase<Color::ColorType<unsigned int, 8, 16, 8, 8, 8, 0, 8, 24> >&, File&) (imagedds.cpp:533)
==2159203==    by 0x137F0F: ImagePrivate::imRead(File, ImageFormat::Type) (image.cpp:92)
==2159203==    by 0x1B4396: ImageBase (image.h:620)
==2159203==    by 0x1B4396: write_images(std::set<istring, std::less<istring>, std::allocator<istring> > const&, CompositeLoader&, bool) (main.cpp:96)
==2159203==    by 0x1B8AAA: BuildData::write_data(bool, bool) (main.cpp:169)
==2159203==    by 0x116876: main (main.cpp:326)
==2159203==  Address 0x7836d90 is 16 bytes before a block of size 80 alloc'd
==2159203==    at 0x4849013: operator new(unsigned long) (in /usr/libexec/valgrind/vgpreload_memcheck-amd64-linux.so)
==2159203==    by 0x18B9EC: allocate (new_allocator.h:127)
==2159203==    by 0x18B9EC: allocate (alloc_traits.h:464)
==2159203==    by 0x18B9EC: _M_get_node (stl_tree.h:561)
==2159203==    by 0x18B9EC: _M_create_node<const std::piecewise_construct_t&, std::tuple<istring&&>, std::tuple<> > (stl_tree.h:611)
==2159203==    by 0x18B9EC: _M_emplace_hint_unique<const std::piecewise_construct_t&, std::tuple<istring&&>, std::tuple<> > (stl_tree.h:2431)
==2159203==    by 0x18B9EC: operator[] (stl_map.h:520)
==2159203==    by 0x18B9EC: CdnLoader::CdnLoader(std::__cxx11::basic_string<char, std::char_traits<char>, std::allocator<char> > const&) (cdnloader.cpp:29)
==2159203==    by 0x1BB235: construct<CdnLoader, const std::__cxx11::basic_string<char, std::char_traits<char>, std::allocator<char> >&> (new_allocator.h:162)
==2159203==    by 0x1BB235: construct<CdnLoader, const std::__cxx11::basic_string<char, std::char_traits<char>, std::allocator<char> >&> (alloc_traits.h:516)
==2159203==    by 0x1BB235: _Sp_counted_ptr_inplace<const std::__cxx11::basic_string<char, std::char_traits<char>, std::allocator<char> >&> (shared_ptr_base.h:519)
==2159203==    by 0x1BB235: __shared_count<CdnLoader, std::allocator<CdnLoader>, const std::__cxx11::basic_string<char, std::char_traits<char>, std::allocator<char> >&> (shared_ptr_base.h:650)
==2159203==    by 0x1BB235: __shared_ptr<std::allocator<CdnLoader>, const std::__cxx11::basic_string<char, std::char_traits<char>, std::allocator<char> >&> (shared_ptr_base.h:1342)
==2159203==    by 0x1BB235: shared_ptr<std::allocator<CdnLoader>, const std::__cxx11::basic_string<char, std::char_traits<char>, std::allocator<char> >&> (shared_ptr.h:409)
==2159203==    by 0x1BB235: allocate_shared<CdnLoader, std::allocator<CdnLoader>, const std::__cxx11::basic_string<char, std::char_traits<char>, std::allocator<char> >&> (shared_ptr.h:863)
==2159203==    by 0x1BB235: make_shared<CdnLoader, const std::__cxx11::basic_string<char, std::char_traits<char>, std::allocator<char> >&> (shared_ptr.h:879)
==2159203==    by 0x1BB235: CdnBuildData::CdnBuildData(std::__cxx11::basic_string<char, std::char_traits<char>, std::allocator<char> > const&) (main.cpp:249)
==2159203==    by 0x116864: main (main.cpp:322)
==2159203== 
==2159203== Invalid write of size 4
==2159203==    at 0x13E26F: operator= (image.h:38)
==2159203==    by 0x13E26F: _dds::LoadDXT5::decode(int, int, unsigned char const*) (imagedds.cpp:290)
==2159203==    by 0x13EA60: ImageBase<Color::ColorType<unsigned int, 8, 16, 8, 8, 8, 0, 8, 24> > _dds::LoadProxy<_dds::LoadDXT5>(File, _dds::DDS_HEADER const&) (imagedds.cpp:491)
==2159203==    by 0x13CB9F: ImagePrivate::imReadDDS(ImageBase<Color::ColorType<unsigned int, 8, 16, 8, 8, 8, 0, 8, 24> >&, File&) (imagedds.cpp:533)
==2159203==    by 0x137F0F: ImagePrivate::imRead(File, ImageFormat::Type) (image.cpp:92)
==2159203==    by 0x1B4396: ImageBase (image.h:620)
==2159203==    by 0x1B4396: write_images(std::set<istring, std::less<istring>, std::allocator<istring> > const&, CompositeLoader&, bool) (main.cpp:96)
==2159203==    by 0x1B8AAA: BuildData::write_data(bool, bool) (main.cpp:169)
==2159203==    by 0x116876: main (main.cpp:326)
==2159203==  Address 0x7836d94 is 12 bytes before a block of size 80 alloc'd
==2159203==    at 0x4849013: operator new(unsigned long) (in /usr/libexec/valgrind/vgpreload_memcheck-amd64-linux.so)
==2159203==    by 0x18B9EC: allocate (new_allocator.h:127)
==2159203==    by 0x18B9EC: allocate (alloc_traits.h:464)
==2159203==    by 0x18B9EC: _M_get_node (stl_tree.h:561)
==2159203==    by 0x18B9EC: _M_create_node<const std::piecewise_construct_t&, std::tuple<istring&&>, std::tuple<> > (stl_tree.h:611)
==2159203==    by 0x18B9EC: _M_emplace_hint_unique<const std::piecewise_construct_t&, std::tuple<istring&&>, std::tuple<> > (stl_tree.h:2431)
==2159203==    by 0x18B9EC: operator[] (stl_map.h:520)
==2159203==    by 0x18B9EC: CdnLoader::CdnLoader(std::__cxx11::basic_string<char, std::char_traits<char>, std::allocator<char> > const&) (cdnloader.cpp:29)
==2159203==    by 0x1BB235: construct<CdnLoader, const std::__cxx11::basic_string<char, std::char_traits<char>, std::allocator<char> >&> (new_allocator.h:162)
==2159203==    by 0x1BB235: construct<CdnLoader, const std::__cxx11::basic_string<char, std::char_traits<char>, std::allocator<char> >&> (alloc_traits.h:516)
==2159203==    by 0x1BB235: _Sp_counted_ptr_inplace<const std::__cxx11::basic_string<char, std::char_traits<char>, std::allocator<char> >&> (shared_ptr_base.h:519)
==2159203==    by 0x1BB235: __shared_count<CdnLoader, std::allocator<CdnLoader>, const std::__cxx11::basic_string<char, std::char_traits<char>, std::allocator<char> >&> (shared_ptr_base.h:650)
==2159203==    by 0x1BB235: __shared_ptr<std::allocator<CdnLoader>, const std::__cxx11::basic_string<char, std::char_traits<char>, std::allocator<char> >&> (shared_ptr_base.h:1342)
==2159203==    by 0x1BB235: shared_ptr<std::allocator<CdnLoader>, const std::__cxx11::basic_string<char, std::char_traits<char>, std::allocator<char> >&> (shared_ptr.h:409)
==2159203==    by 0x1BB235: allocate_shared<CdnLoader, std::allocator<CdnLoader>, const std::__cxx11::basic_string<char, std::char_traits<char>, std::allocator<char> >&> (shared_ptr.h:863)
==2159203==    by 0x1BB235: make_shared<CdnLoader, const std::__cxx11::basic_string<char, std::char_traits<char>, std::allocator<char> >&> (shared_ptr.h:879)
==2159203==    by 0x1BB235: CdnBuildData::CdnBuildData(std::__cxx11::basic_string<char, std::char_traits<char>, std::allocator<char> > const&) (main.cpp:249)
==2159203==    by 0x116864: main (main.cpp:322)
==2159203== 
==2159203== Invalid write of size 8
==2159203==    at 0x13DFA9: operator= (image.h:38)
==2159203==    by 0x13DFA9: _dds::LoadDXT5::decode(int, int, unsigned char const*) (imagedds.cpp:290)
==2159203==    by 0x13EA60: ImageBase<Color::ColorType<unsigned int, 8, 16, 8, 8, 8, 0, 8, 24> > _dds::LoadProxy<_dds::LoadDXT5>(File, _dds::DDS_HEADER const&) (imagedds.cpp:491)
==2159203==    by 0x13CB9F: ImagePrivate::imReadDDS(ImageBase<Color::ColorType<unsigned int, 8, 16, 8, 8, 8, 0, 8, 24> >&, File&) (imagedds.cpp:533)
==2159203==    by 0x137F0F: ImagePrivate::imRead(File, ImageFormat::Type) (image.cpp:92)
==2159203==    by 0x1B4396: ImageBase (image.h:620)
==2159203==    by 0x1B4396: write_images(std::set<istring, std::less<istring>, std::allocator<istring> > const&, CompositeLoader&, bool) (main.cpp:96)
==2159203==    by 0x1B8AAA: BuildData::write_data(bool, bool) (main.cpp:169)
==2159203==    by 0x116876: main (main.cpp:326)
==2159203==  Address 0x7836d50 is 672 bytes inside a block of size 676 alloc'd
==2159203==    at 0x484A2F3: operator new[](unsigned long) (in /usr/libexec/valgrind/vgpreload_memcheck-amd64-linux.so)
==2159203==    by 0x13DC78: Data (image.h:519)
==2159203==    by 0x13DC78: make_unique<ImageBase<Color::ColorType<unsigned int, 8, 16, 8, 8, 8, 0, 8, 24> >::Data, int&, int&> (unique_ptr.h:962)
==2159203==    by 0x13DC78: ImageBase (image.h:410)
==2159203==    by 0x13DC78: _dds::LoadDXT5::decode(int, int, unsigned char const*) (imagedds.cpp:253)
==2159203==    by 0x13EA60: ImageBase<Color::ColorType<unsigned int, 8, 16, 8, 8, 8, 0, 8, 24> > _dds::LoadProxy<_dds::LoadDXT5>(File, _dds::DDS_HEADER const&) (imagedds.cpp:491)
==2159203==    by 0x13CB9F: ImagePrivate::imReadDDS(ImageBase<Color::ColorType<unsigned int, 8, 16, 8, 8, 8, 0, 8, 24> >&, File&) (imagedds.cpp:533)
==2159203==    by 0x137F0F: ImagePrivate::imRead(File, ImageFormat::Type) (image.cpp:92)
==2159203==    by 0x1B4396: ImageBase (image.h:620)
==2159203==    by 0x1B4396: write_images(std::set<istring, std::less<istring>, std::allocator<istring> > const&, CompositeLoader&, bool) (main.cpp:96)
==2159203==    by 0x1B8AAA: BuildData::write_data(bool, bool) (main.cpp:169)
==2159203==    by 0x116876: main (main.cpp:326)
==2159203== 
==2159203== Invalid write of size 8
==2159203==    at 0x13DFEE: operator= (image.h:38)
==2159203==    by 0x13DFEE: _dds::LoadDXT5::decode(int, int, unsigned char const*) (imagedds.cpp:290)
==2159203==    by 0x13EA60: ImageBase<Color::ColorType<unsigned int, 8, 16, 8, 8, 8, 0, 8, 24> > _dds::LoadProxy<_dds::LoadDXT5>(File, _dds::DDS_HEADER const&) (imagedds.cpp:491)
==2159203==    by 0x13CB9F: ImagePrivate::imReadDDS(ImageBase<Color::ColorType<unsigned int, 8, 16, 8, 8, 8, 0, 8, 24> >&, File&) (imagedds.cpp:533)
==2159203==    by 0x137F0F: ImagePrivate::imRead(File, ImageFormat::Type) (image.cpp:92)
==2159203==    by 0x1B4396: ImageBase (image.h:620)
==2159203==    by 0x1B4396: write_images(std::set<istring, std::less<istring>, std::allocator<istring> > const&, CompositeLoader&, bool) (main.cpp:96)
==2159203==    by 0x1B8AAA: BuildData::write_data(bool, bool) (main.cpp:169)
==2159203==    by 0x116876: main (main.cpp:326)
==2159203==  Address 0x7836d54 is 0 bytes after a block of size 676 alloc'd
==2159203==    at 0x484A2F3: operator new[](unsigned long) (in /usr/libexec/valgrind/vgpreload_memcheck-amd64-linux.so)
==2159203==    by 0x13DC78: Data (image.h:519)
==2159203==    by 0x13DC78: make_unique<ImageBase<Color::ColorType<unsigned int, 8, 16, 8, 8, 8, 0, 8, 24> >::Data, int&, int&> (unique_ptr.h:962)
==2159203==    by 0x13DC78: ImageBase (image.h:410)
==2159203==    by 0x13DC78: _dds::LoadDXT5::decode(int, int, unsigned char const*) (imagedds.cpp:253)
==2159203==    by 0x13EA60: ImageBase<Color::ColorType<unsigned int, 8, 16, 8, 8, 8, 0, 8, 24> > _dds::LoadProxy<_dds::LoadDXT5>(File, _dds::DDS_HEADER const&) (imagedds.cpp:491)
==2159203==    by 0x13CB9F: ImagePrivate::imReadDDS(ImageBase<Color::ColorType<unsigned int, 8, 16, 8, 8, 8, 0, 8, 24> >&, File&) (imagedds.cpp:533)
==2159203==    by 0x137F0F: ImagePrivate::imRead(File, ImageFormat::Type) (image.cpp:92)
==2159203==    by 0x1B4396: ImageBase (image.h:620)
==2159203==    by 0x1B4396: write_images(std::set<istring, std::less<istring>, std::allocator<istring> > const&, CompositeLoader&, bool) (main.cpp:96)
==2159203==    by 0x1B8AAA: BuildData::write_data(bool, bool) (main.cpp:169)
==2159203==    by 0x116876: main (main.cpp:326)
==2159203== 
==2159203== Invalid write of size 8
==2159203==    at 0x13E032: operator= (image.h:38)
==2159203==    by 0x13E032: _dds::LoadDXT5::decode(int, int, unsigned char const*) (imagedds.cpp:290)
==2159203==    by 0x13EA60: ImageBase<Color::ColorType<unsigned int, 8, 16, 8, 8, 8, 0, 8, 24> > _dds::LoadProxy<_dds::LoadDXT5>(File, _dds::DDS_HEADER const&) (imagedds.cpp:491)
==2159203==    by 0x13CB9F: ImagePrivate::imReadDDS(ImageBase<Color::ColorType<unsigned int, 8, 16, 8, 8, 8, 0, 8, 24> >&, File&) (imagedds.cpp:533)
==2159203==    by 0x137F0F: ImagePrivate::imRead(File, ImageFormat::Type) (image.cpp:92)
==2159203==    by 0x1B4396: ImageBase (image.h:620)
==2159203==    by 0x1B4396: write_images(std::set<istring, std::less<istring>, std::allocator<istring> > const&, CompositeLoader&, bool) (main.cpp:96)
==2159203==    by 0x1B8AAA: BuildData::write_data(bool, bool) (main.cpp:169)
==2159203==    by 0x116876: main (main.cpp:326)
==2159203==  Address 0x7836d58 is 4 bytes after a block of size 676 alloc'd
==2159203==    at 0x484A2F3: operator new[](unsigned long) (in /usr/libexec/valgrind/vgpreload_memcheck-amd64-linux.so)
==2159203==    by 0x13DC78: Data (image.h:519)
==2159203==    by 0x13DC78: make_unique<ImageBase<Color::ColorType<unsigned int, 8, 16, 8, 8, 8, 0, 8, 24> >::Data, int&, int&> (unique_ptr.h:962)
==2159203==    by 0x13DC78: ImageBase (image.h:410)
==2159203==    by 0x13DC78: _dds::LoadDXT5::decode(int, int, unsigned char const*) (imagedds.cpp:253)
==2159203==    by 0x13EA60: ImageBase<Color::ColorType<unsigned int, 8, 16, 8, 8, 8, 0, 8, 24> > _dds::LoadProxy<_dds::LoadDXT5>(File, _dds::DDS_HEADER const&) (imagedds.cpp:491)
==2159203==    by 0x13CB9F: ImagePrivate::imReadDDS(ImageBase<Color::ColorType<unsigned int, 8, 16, 8, 8, 8, 0, 8, 24> >&, File&) (imagedds.cpp:533)
==2159203==    by 0x137F0F: ImagePrivate::imRead(File, ImageFormat::Type) (image.cpp:92)
==2159203==    by 0x1B4396: ImageBase (image.h:620)
==2159203==    by 0x1B4396: write_images(std::set<istring, std::less<istring>, std::allocator<istring> > const&, CompositeLoader&, bool) (main.cpp:96)
==2159203==    by 0x1B8AAA: BuildData::write_data(bool, bool) (main.cpp:169)
==2159203==    by 0x116876: main (main.cpp:326)
==2159203== 
==2159203== Invalid write of size 4
==2159203==    at 0x13E051: operator= (image.h:38)
==2159203==    by 0x13E051: _dds::LoadDXT5::decode(int, int, unsigned char const*) (imagedds.cpp:290)
==2159203==    by 0x13EA60: ImageBase<Color::ColorType<unsigned int, 8, 16, 8, 8, 8, 0, 8, 24> > _dds::LoadProxy<_dds::LoadDXT5>(File, _dds::DDS_HEADER const&) (imagedds.cpp:491)
==2159203==    by 0x13CB9F: ImagePrivate::imReadDDS(ImageBase<Color::ColorType<unsigned int, 8, 16, 8, 8, 8, 0, 8, 24> >&, File&) (imagedds.cpp:533)
==2159203==    by 0x137F0F: ImagePrivate::imRead(File, ImageFormat::Type) (image.cpp:92)
==2159203==    by 0x1B4396: ImageBase (image.h:620)
==2159203==    by 0x1B4396: write_images(std::set<istring, std::less<istring>, std::allocator<istring> > const&, CompositeLoader&, bool) (main.cpp:96)
==2159203==    by 0x1B8AAA: BuildData::write_data(bool, bool) (main.cpp:169)
==2159203==    by 0x116876: main (main.cpp:326)
==2159203==  Address 0x7836d5c is 8 bytes after a block of size 676 alloc'd
==2159203==    at 0x484A2F3: operator new[](unsigned long) (in /usr/libexec/valgrind/vgpreload_memcheck-amd64-linux.so)
==2159203==    by 0x13DC78: Data (image.h:519)
==2159203==    by 0x13DC78: make_unique<ImageBase<Color::ColorType<unsigned int, 8, 16, 8, 8, 8, 0, 8, 24> >::Data, int&, int&> (unique_ptr.h:962)
==2159203==    by 0x13DC78: ImageBase (image.h:410)
==2159203==    by 0x13DC78: _dds::LoadDXT5::decode(int, int, unsigned char const*) (imagedds.cpp:253)
==2159203==    by 0x13EA60: ImageBase<Color::ColorType<unsigned int, 8, 16, 8, 8, 8, 0, 8, 24> > _dds::LoadProxy<_dds::LoadDXT5>(File, _dds::DDS_HEADER const&) (imagedds.cpp:491)
==2159203==    by 0x13CB9F: ImagePrivate::imReadDDS(ImageBase<Color::ColorType<unsigned int, 8, 16, 8, 8, 8, 0, 8, 24> >&, File&) (imagedds.cpp:533)
==2159203==    by 0x137F0F: ImagePrivate::imRead(File, ImageFormat::Type) (image.cpp:92)
==2159203==    by 0x1B4396: ImageBase (image.h:620)
==2159203==    by 0x1B4396: write_images(std::set<istring, std::less<istring>, std::allocator<istring> > const&, CompositeLoader&, bool) (main.cpp:96)
==2159203==    by 0x1B8AAA: BuildData::write_data(bool, bool) (main.cpp:169)
==2159203==    by 0x116876: main (main.cpp:326)
==2159203== 
==2159203== Invalid write of size 8
==2159203==    at 0x13E2D1: operator= (image.h:38)
==2159203==    by 0x13E2D1: _dds::LoadDXT5::decode(int, int, unsigned char const*) (imagedds.cpp:290)
==2159203==    by 0x13EA60: ImageBase<Color::ColorType<unsigned int, 8, 16, 8, 8, 8, 0, 8, 24> > _dds::LoadProxy<_dds::LoadDXT5>(File, _dds::DDS_HEADER const&) (imagedds.cpp:491)
==2159203==    by 0x13CB9F: ImagePrivate::imReadDDS(ImageBase<Color::ColorType<unsigned int, 8, 16, 8, 8, 8, 0, 8, 24> >&, File&) (imagedds.cpp:533)
==2159203==    by 0x137F0F: ImagePrivate::imRead(File, ImageFormat::Type) (image.cpp:92)
==2159203==    by 0x1B4396: ImageBase (image.h:620)
==2159203==    by 0x1B4396: write_images(std::set<istring, std::less<istring>, std::allocator<istring> > const&, CompositeLoader&, bool) (main.cpp:96)
==2159203==    by 0x1B8AAA: BuildData::write_data(bool, bool) (main.cpp:169)
==2159203==    by 0x116876: main (main.cpp:326)
==2159203==  Address 0x7836dec is 76 bytes inside a block of size 80 alloc'd
==2159203==    at 0x4849013: operator new(unsigned long) (in /usr/libexec/valgrind/vgpreload_memcheck-amd64-linux.so)
==2159203==    by 0x18B9EC: allocate (new_allocator.h:127)
==2159203==    by 0x18B9EC: allocate (alloc_traits.h:464)
==2159203==    by 0x18B9EC: _M_get_node (stl_tree.h:561)
==2159203==    by 0x18B9EC: _M_create_node<const std::piecewise_construct_t&, std::tuple<istring&&>, std::tuple<> > (stl_tree.h:611)
==2159203==    by 0x18B9EC: _M_emplace_hint_unique<const std::piecewise_construct_t&, std::tuple<istring&&>, std::tuple<> > (stl_tree.h:2431)
==2159203==    by 0x18B9EC: operator[] (stl_map.h:520)
==2159203==    by 0x18B9EC: CdnLoader::CdnLoader(std::__cxx11::basic_string<char, std::char_traits<char>, std::allocator<char> > const&) (cdnloader.cpp:29)
==2159203==    by 0x1BB235: construct<CdnLoader, const std::__cxx11::basic_string<char, std::char_traits<char>, std::allocator<char> >&> (new_allocator.h:162)
==2159203==    by 0x1BB235: construct<CdnLoader, const std::__cxx11::basic_string<char, std::char_traits<char>, std::allocator<char> >&> (alloc_traits.h:516)
==2159203==    by 0x1BB235: _Sp_counted_ptr_inplace<const std::__cxx11::basic_string<char, std::char_traits<char>, std::allocator<char> >&> (shared_ptr_base.h:519)
==2159203==    by 0x1BB235: __shared_count<CdnLoader, std::allocator<CdnLoader>, const std::__cxx11::basic_string<char, std::char_traits<char>, std::allocator<char> >&> (shared_ptr_base.h:650)
==2159203==    by 0x1BB235: __shared_ptr<std::allocator<CdnLoader>, const std::__cxx11::basic_string<char, std::char_traits<char>, std::allocator<char> >&> (shared_ptr_base.h:1342)
==2159203==    by 0x1BB235: shared_ptr<std::allocator<CdnLoader>, const std::__cxx11::basic_string<char, std::char_traits<char>, std::allocator<char> >&> (shared_ptr.h:409)
==2159203==    by 0x1BB235: allocate_shared<CdnLoader, std::allocator<CdnLoader>, const std::__cxx11::basic_string<char, std::char_traits<char>, std::allocator<char> >&> (shared_ptr.h:863)
==2159203==    by 0x1BB235: make_shared<CdnLoader, const std::__cxx11::basic_string<char, std::char_traits<char>, std::allocator<char> >&> (shared_ptr.h:879)
==2159203==    by 0x1BB235: CdnBuildData::CdnBuildData(std::__cxx11::basic_string<char, std::char_traits<char>, std::allocator<char> > const&) (main.cpp:249)
==2159203==    by 0x116864: main (main.cpp:322)
==2159203== 
==2159203== Invalid write of size 8
==2159203==    at 0x13E312: operator= (image.h:38)
==2159203==    by 0x13E312: _dds::LoadDXT5::decode(int, int, unsigned char const*) (imagedds.cpp:290)
==2159203==    by 0x13EA60: ImageBase<Color::ColorType<unsigned int, 8, 16, 8, 8, 8, 0, 8, 24> > _dds::LoadProxy<_dds::LoadDXT5>(File, _dds::DDS_HEADER const&) (imagedds.cpp:491)
==2159203==    by 0x13CB9F: ImagePrivate::imReadDDS(ImageBase<Color::ColorType<unsigned int, 8, 16, 8, 8, 8, 0, 8, 24> >&, File&) (imagedds.cpp:533)
==2159203==    by 0x137F0F: ImagePrivate::imRead(File, ImageFormat::Type) (image.cpp:92)
==2159203==    by 0x1B4396: ImageBase (image.h:620)
==2159203==    by 0x1B4396: write_images(std::set<istring, std::less<istring>, std::allocator<istring> > const&, CompositeLoader&, bool) (main.cpp:96)
==2159203==    by 0x1B8AAA: BuildData::write_data(bool, bool) (main.cpp:169)
==2159203==    by 0x116876: main (main.cpp:326)
==2159203==  Address 0x7836df0 is 0 bytes after a block of size 80 alloc'd
==2159203==    at 0x4849013: operator new(unsigned long) (in /usr/libexec/valgrind/vgpreload_memcheck-amd64-linux.so)
==2159203==    by 0x18B9EC: allocate (new_allocator.h:127)
==2159203==    by 0x18B9EC: allocate (alloc_traits.h:464)
==2159203==    by 0x18B9EC: _M_get_node (stl_tree.h:561)
==2159203==    by 0x18B9EC: _M_create_node<const std::piecewise_construct_t&, std::tuple<istring&&>, std::tuple<> > (stl_tree.h:611)
==2159203==    by 0x18B9EC: _M_emplace_hint_unique<const std::piecewise_construct_t&, std::tuple<istring&&>, std::tuple<> > (stl_tree.h:2431)
==2159203==    by 0x18B9EC: operator[] (stl_map.h:520)
==2159203==    by 0x18B9EC: CdnLoader::CdnLoader(std::__cxx11::basic_string<char, std::char_traits<char>, std::allocator<char> > const&) (cdnloader.cpp:29)
==2159203==    by 0x1BB235: construct<CdnLoader, const std::__cxx11::basic_string<char, std::char_traits<char>, std::allocator<char> >&> (new_allocator.h:162)
==2159203==    by 0x1BB235: construct<CdnLoader, const std::__cxx11::basic_string<char, std::char_traits<char>, std::allocator<char> >&> (alloc_traits.h:516)
==2159203==    by 0x1BB235: _Sp_counted_ptr_inplace<const std::__cxx11::basic_string<char, std::char_traits<char>, std::allocator<char> >&> (shared_ptr_base.h:519)
==2159203==    by 0x1BB235: __shared_count<CdnLoader, std::allocator<CdnLoader>, const std::__cxx11::basic_string<char, std::char_traits<char>, std::allocator<char> >&> (shared_ptr_base.h:650)
==2159203==    by 0x1BB235: __shared_ptr<std::allocator<CdnLoader>, const std::__cxx11::basic_string<char, std::char_traits<char>, std::allocator<char> >&> (shared_ptr_base.h:1342)
==2159203==    by 0x1BB235: shared_ptr<std::allocator<CdnLoader>, const std::__cxx11::basic_string<char, std::char_traits<char>, std::allocator<char> >&> (shared_ptr.h:409)
==2159203==    by 0x1BB235: allocate_shared<CdnLoader, std::allocator<CdnLoader>, const std::__cxx11::basic_string<char, std::char_traits<char>, std::allocator<char> >&> (shared_ptr.h:863)
==2159203==    by 0x1BB235: make_shared<CdnLoader, const std::__cxx11::basic_string<char, std::char_traits<char>, std::allocator<char> >&> (shared_ptr.h:879)
==2159203==    by 0x1BB235: CdnBuildData::CdnBuildData(std::__cxx11::basic_string<char, std::char_traits<char>, std::allocator<char> > const&) (main.cpp:249)
==2159203==    by 0x116864: main (main.cpp:322)
==2159203== 
==2159203== Invalid write of size 8
==2159203==    at 0x13E348: operator= (image.h:38)
==2159203==    by 0x13E348: _dds::LoadDXT5::decode(int, int, unsigned char const*) (imagedds.cpp:290)
==2159203==    by 0x13EA60: ImageBase<Color::ColorType<unsigned int, 8, 16, 8, 8, 8, 0, 8, 24> > _dds::LoadProxy<_dds::LoadDXT5>(File, _dds::DDS_HEADER const&) (imagedds.cpp:491)
==2159203==    by 0x13CB9F: ImagePrivate::imReadDDS(ImageBase<Color::ColorType<unsigned int, 8, 16, 8, 8, 8, 0, 8, 24> >&, File&) (imagedds.cpp:533)
==2159203==    by 0x137F0F: ImagePrivate::imRead(File, ImageFormat::Type) (image.cpp:92)
==2159203==    by 0x1B4396: ImageBase (image.h:620)
==2159203==    by 0x1B4396: write_images(std::set<istring, std::less<istring>, std::allocator<istring> > const&, CompositeLoader&, bool) (main.cpp:96)
==2159203==    by 0x1B8AAA: BuildData::write_data(bool, bool) (main.cpp:169)
==2159203==    by 0x116876: main (main.cpp:326)
==2159203==  Address 0x7836df4 is 4 bytes after a block of size 80 alloc'd
==2159203==    at 0x4849013: operator new(unsigned long) (in /usr/libexec/valgrind/vgpreload_memcheck-amd64-linux.so)
==2159203==    by 0x18B9EC: allocate (new_allocator.h:127)
==2159203==    by 0x18B9EC: allocate (alloc_traits.h:464)
==2159203==    by 0x18B9EC: _M_get_node (stl_tree.h:561)
==2159203==    by 0x18B9EC: _M_create_node<const std::piecewise_construct_t&, std::tuple<istring&&>, std::tuple<> > (stl_tree.h:611)
==2159203==    by 0x18B9EC: _M_emplace_hint_unique<const std::piecewise_construct_t&, std::tuple<istring&&>, std::tuple<> > (stl_tree.h:2431)
==2159203==    by 0x18B9EC: operator[] (stl_map.h:520)
==2159203==    by 0x18B9EC: CdnLoader::CdnLoader(std::__cxx11::basic_string<char, std::char_traits<char>, std::allocator<char> > const&) (cdnloader.cpp:29)
==2159203==    by 0x1BB235: construct<CdnLoader, const std::__cxx11::basic_string<char, std::char_traits<char>, std::allocator<char> >&> (new_allocator.h:162)
==2159203==    by 0x1BB235: construct<CdnLoader, const std::__cxx11::basic_string<char, std::char_traits<char>, std::allocator<char> >&> (alloc_traits.h:516)
==2159203==    by 0x1BB235: _Sp_counted_ptr_inplace<const std::__cxx11::basic_string<char, std::char_traits<char>, std::allocator<char> >&> (shared_ptr_base.h:519)
==2159203==    by 0x1BB235: __shared_count<CdnLoader, std::allocator<CdnLoader>, const std::__cxx11::basic_string<char, std::char_traits<char>, std::allocator<char> >&> (shared_ptr_base.h:650)
==2159203==    by 0x1BB235: __shared_ptr<std::allocator<CdnLoader>, const std::__cxx11::basic_string<char, std::char_traits<char>, std::allocator<char> >&> (shared_ptr_base.h:1342)
==2159203==    by 0x1BB235: shared_ptr<std::allocator<CdnLoader>, const std::__cxx11::basic_string<char, std::char_traits<char>, std::allocator<char> >&> (shared_ptr.h:409)
==2159203==    by 0x1BB235: allocate_shared<CdnLoader, std::allocator<CdnLoader>, const std::__cxx11::basic_string<char, std::char_traits<char>, std::allocator<char> >&> (shared_ptr.h:863)
==2159203==    by 0x1BB235: make_shared<CdnLoader, const std::__cxx11::basic_string<char, std::char_traits<char>, std::allocator<char> >&> (shared_ptr.h:879)
==2159203==    by 0x1BB235: CdnBuildData::CdnBuildData(std::__cxx11::basic_string<char, std::char_traits<char>, std::allocator<char> > const&) (main.cpp:249)
==2159203==    by 0x116864: main (main.cpp:322)
==2159203== 
==2159203== Invalid write of size 4
==2159203==    at 0x13E363: operator= (image.h:38)
==2159203==    by 0x13E363: _dds::LoadDXT5::decode(int, int, unsigned char const*) (imagedds.cpp:290)
==2159203==    by 0x13EA60: ImageBase<Color::ColorType<unsigned int, 8, 16, 8, 8, 8, 0, 8, 24> > _dds::LoadProxy<_dds::LoadDXT5>(File, _dds::DDS_HEADER const&) (imagedds.cpp:491)
==2159203==    by 0x13CB9F: ImagePrivate::imReadDDS(ImageBase<Color::ColorType<unsigned int, 8, 16, 8, 8, 8, 0, 8, 24> >&, File&) (imagedds.cpp:533)
==2159203==    by 0x137F0F: ImagePrivate::imRead(File, ImageFormat::Type) (image.cpp:92)
==2159203==    by 0x1B4396: ImageBase (image.h:620)
==2159203==    by 0x1B4396: write_images(std::set<istring, std::less<istring>, std::allocator<istring> > const&, CompositeLoader&, bool) (main.cpp:96)
==2159203==    by 0x1B8AAA: BuildData::write_data(bool, bool) (main.cpp:169)
==2159203==    by 0x116876: main (main.cpp:326)
==2159203==  Address 0x7836df8 is 8 bytes after a block of size 80 alloc'd
==2159203==    at 0x4849013: operator new(unsigned long) (in /usr/libexec/valgrind/vgpreload_memcheck-amd64-linux.so)
==2159203==    by 0x18B9EC: allocate (new_allocator.h:127)
==2159203==    by 0x18B9EC: allocate (alloc_traits.h:464)
==2159203==    by 0x18B9EC: _M_get_node (stl_tree.h:561)
==2159203==    by 0x18B9EC: _M_create_node<const std::piecewise_construct_t&, std::tuple<istring&&>, std::tuple<> > (stl_tree.h:611)
==2159203==    by 0x18B9EC: _M_emplace_hint_unique<const std::piecewise_construct_t&, std::tuple<istring&&>, std::tuple<> > (stl_tree.h:2431)
==2159203==    by 0x18B9EC: operator[] (stl_map.h:520)
==2159203==    by 0x18B9EC: CdnLoader::CdnLoader(std::__cxx11::basic_string<char, std::char_traits<char>, std::allocator<char> > const&) (cdnloader.cpp:29)
==2159203==    by 0x1BB235: construct<CdnLoader, const std::__cxx11::basic_string<char, std::char_traits<char>, std::allocator<char> >&> (new_allocator.h:162)
==2159203==    by 0x1BB235: construct<CdnLoader, const std::__cxx11::basic_string<char, std::char_traits<char>, std::allocator<char> >&> (alloc_traits.h:516)
==2159203==    by 0x1BB235: _Sp_counted_ptr_inplace<const std::__cxx11::basic_string<char, std::char_traits<char>, std::allocator<char> >&> (shared_ptr_base.h:519)
==2159203==    by 0x1BB235: __shared_count<CdnLoader, std::allocator<CdnLoader>, const std::__cxx11::basic_string<char, std::char_traits<char>, std::allocator<char> >&> (shared_ptr_base.h:650)
==2159203==    by 0x1BB235: __shared_ptr<std::allocator<CdnLoader>, const std::__cxx11::basic_string<char, std::char_traits<char>, std::allocator<char> >&> (shared_ptr_base.h:1342)
==2159203==    by 0x1BB235: shared_ptr<std::allocator<CdnLoader>, const std::__cxx11::basic_string<char, std::char_traits<char>, std::allocator<char> >&> (shared_ptr.h:409)
==2159203==    by 0x1BB235: allocate_shared<CdnLoader, std::allocator<CdnLoader>, const std::__cxx11::basic_string<char, std::char_traits<char>, std::allocator<char> >&> (shared_ptr.h:863)
==2159203==    by 0x1BB235: make_shared<CdnLoader, const std::__cxx11::basic_string<char, std::char_traits<char>, std::allocator<char> >&> (shared_ptr.h:879)
==2159203==    by 0x1BB235: CdnBuildData::CdnBuildData(std::__cxx11::basic_string<char, std::char_traits<char>, std::allocator<char> > const&) (main.cpp:249)
==2159203==    by 0x116864: main (main.cpp:322)
==2159203== 
==2159203== Invalid write of size 4
==2159203==    at 0x13E293: operator= (image.h:124)
==2159203==    by 0x13E293: _dds::LoadDXT5::decode(int, int, unsigned char const*) (imagedds.cpp:289)
==2159203==    by 0x13EA60: ImageBase<Color::ColorType<unsigned int, 8, 16, 8, 8, 8, 0, 8, 24> > _dds::LoadProxy<_dds::LoadDXT5>(File, _dds::DDS_HEADER const&) (imagedds.cpp:491)
==2159203==    by 0x13CB9F: ImagePrivate::imReadDDS(ImageBase<Color::ColorType<unsigned int, 8, 16, 8, 8, 8, 0, 8, 24> >&, File&) (imagedds.cpp:533)
==2159203==    by 0x137F0F: ImagePrivate::imRead(File, ImageFormat::Type) (image.cpp:92)
==2159203==    by 0x1B4396: ImageBase (image.h:620)
==2159203==    by 0x1B4396: write_images(std::set<istring, std::less<istring>, std::allocator<istring> > const&, CompositeLoader&, bool) (main.cpp:96)
==2159203==    by 0x1B8AAA: BuildData::write_data(bool, bool) (main.cpp:169)
==2159203==    by 0x116876: main (main.cpp:326)
==2159203==  Address 0xa54cf7c is 4 bytes before a block of size 80 alloc'd
==2159203==    at 0x4849013: operator new(unsigned long) (in /usr/libexec/valgrind/vgpreload_memcheck-amd64-linux.so)
==2159203==    by 0x18B9EC: allocate (new_allocator.h:127)
==2159203==    by 0x18B9EC: allocate (alloc_traits.h:464)
==2159203==    by 0x18B9EC: _M_get_node (stl_tree.h:561)
==2159203==    by 0x18B9EC: _M_create_node<const std::piecewise_construct_t&, std::tuple<istring&&>, std::tuple<> > (stl_tree.h:611)
==2159203==    by 0x18B9EC: _M_emplace_hint_unique<const std::piecewise_construct_t&, std::tuple<istring&&>, std::tuple<> > (stl_tree.h:2431)
==2159203==    by 0x18B9EC: operator[] (stl_map.h:520)
==2159203==    by 0x18B9EC: CdnLoader::CdnLoader(std::__cxx11::basic_string<char, std::char_traits<char>, std::allocator<char> > const&) (cdnloader.cpp:29)
==2159203==    by 0x1BB235: construct<CdnLoader, const std::__cxx11::basic_string<char, std::char_traits<char>, std::allocator<char> >&> (new_allocator.h:162)
==2159203==    by 0x1BB235: construct<CdnLoader, const std::__cxx11::basic_string<char, std::char_traits<char>, std::allocator<char> >&> (alloc_traits.h:516)
==2159203==    by 0x1BB235: _Sp_counted_ptr_inplace<const std::__cxx11::basic_string<char, std::char_traits<char>, std::allocator<char> >&> (shared_ptr_base.h:519)
==2159203==    by 0x1BB235: __shared_count<CdnLoader, std::allocator<CdnLoader>, const std::__cxx11::basic_string<char, std::char_traits<char>, std::allocator<char> >&> (shared_ptr_base.h:650)
==2159203==    by 0x1BB235: __shared_ptr<std::allocator<CdnLoader>, const std::__cxx11::basic_string<char, std::char_traits<char>, std::allocator<char> >&> (shared_ptr_base.h:1342)
==2159203==    by 0x1BB235: shared_ptr<std::allocator<CdnLoader>, const std::__cxx11::basic_string<char, std::char_traits<char>, std::allocator<char> >&> (shared_ptr.h:409)
==2159203==    by 0x1BB235: allocate_shared<CdnLoader, std::allocator<CdnLoader>, const std::__cxx11::basic_string<char, std::char_traits<char>, std::allocator<char> >&> (shared_ptr.h:863)
==2159203==    by 0x1BB235: make_shared<CdnLoader, const std::__cxx11::basic_string<char, std::char_traits<char>, std::allocator<char> >&> (shared_ptr.h:879)
==2159203==    by 0x1BB235: CdnBuildData::CdnBuildData(std::__cxx11::basic_string<char, std::char_traits<char>, std::allocator<char> > const&) (main.cpp:249)
==2159203==    by 0x116864: main (main.cpp:322)
==2159203== 

valgrind: m_mallocfree.c:303 (get_bszB_as_is): Assertion 'bszB_lo == bszB_hi' failed.
valgrind: Heap block lo/hi size mismatch: lo = 752, hi = 0.
This is probably caused by your program erroneously writing past the
end of a heap block and corrupting heap metadata.  If you fix any
invalid writes reported by Memcheck, this assertion failure will
probably go away.  Please try that before reporting this as a bug.


host stacktrace:
==2159203==    at 0x5804284A: ??? (in /usr/libexec/valgrind/memcheck-amd64-linux)
==2159203==    by 0x58042977: ??? (in /usr/libexec/valgrind/memcheck-amd64-linux)
==2159203==    by 0x58042B1B: ??? (in /usr/libexec/valgrind/memcheck-amd64-linux)
==2159203==    by 0x5804D52A: ??? (in /usr/libexec/valgrind/memcheck-amd64-linux)
==2159203==    by 0x58004B7B: ??? (in /usr/libexec/valgrind/memcheck-amd64-linux)
==2159203==    by 0x5800505E: ??? (in /usr/libexec/valgrind/memcheck-amd64-linux)
==2159203==    by 0x58005254: ??? (in /usr/libexec/valgrind/memcheck-amd64-linux)
==2159203==    by 0x5809B7DC: ??? (in /usr/libexec/valgrind/memcheck-amd64-linux)
==2159203==    by 0x580E3F40: ??? (in /usr/libexec/valgrind/memcheck-amd64-linux)

sched status:
  running_tid=1

Thread 1: status = VgTs_Runnable (lwpid 2159203)
==2159203==    at 0x4849013: operator new(unsigned long) (in /usr/libexec/valgrind/vgpreload_memcheck-amd64-linux.so)
==2159203==    by 0x11E1AB: allocate (new_allocator.h:127)
==2159203==    by 0x11E1AB: allocate (alloc_traits.h:464)
==2159203==    by 0x11E1AB: _M_allocate (stl_vector.h:346)
==2159203==    by 0x11E1AB: std::vector<unsigned char, std::allocator<unsigned char> >::_M_default_append(unsigned long) (vector.tcc:635)
==2159203==    by 0x11E243: resize (stl_vector.h:940)
==2159203==    by 0x11E243: alloc (file.cpp:296)
==2159203==    by 0x11E243: MemoryBuffer::write(void const*, unsigned long) (file.cpp:282)
==2159203==    by 0x1421F2: write (file.h:133)
==2159203==    by 0x1421F2: ImagePrivate::_png::write_chunk(unsigned int, unsigned int, void const*, File&) (imagepng.cpp:75)
==2159203==    by 0x144834: ImagePrivate::imWritePNG(ImageBase<Color::ColorType<unsigned int, 8, 16, 8, 8, 8, 0, 8, 24> > const&, File&, int) (imagepng.cpp:323)
==2159203==    by 0x1B4E07: write (image.h:631)
==2159203==    by 0x1B4E07: write_images(std::set<istring, std::less<istring>, std::allocator<istring> > const&, CompositeLoader&, bool) (main.cpp:104)
==2159203==    by 0x1B8AAA: BuildData::write_data(bool, bool) (main.cpp:169)
==2159203==    by 0x116876: main (main.cpp:326)
client stack range: [0x1FFEFF7000 0x1FFF000FFF] client SP: 0x1FFEFFD970
valgrind stack range: [0x1003373000 0x1003472FFF] top usage: 18984 of 1048576


Note: see also the FAQ in the source distribution.
It contains workarounds to several common problems.
In particular, if Valgrind aborted or crashed after
identifying problems in your program, there's a good chance
that fixing those problems will prevent Valgrind aborting or
crashing, especially if it happened in m_mallocfree.c.

If that doesn't help, please report this bug to: www.valgrind.org

In the bug report, send all the above text, the valgrind
version, and what OS and version you are using.  Thanks.

